{"/Users/hamzakamran/Zameen/pms-rest-api/src/index.js": {"path":"/Users/hamzakamran/Zameen/pms-rest-api/src/index.js","statementMap":{"0":{"start":{"line":1,"column":16},"end":{"line":1,"column":34}},"1":{"start":{"line":2,"column":13},"end":{"line":2,"column":28}},"2":{"start":{"line":3,"column":21},"end":{"line":3,"column":45}},"3":{"start":{"line":4,"column":0},"end":{"line":4,"column":27}},"4":{"start":{"line":5,"column":18},"end":{"line":5,"column":40}},"5":{"start":{"line":6,"column":18},"end":{"line":6,"column":51}},"6":{"start":{"line":7,"column":20},"end":{"line":7,"column":55}},"7":{"start":{"line":8,"column":20},"end":{"line":8,"column":51}},"8":{"start":{"line":10,"column":13},"end":{"line":10,"column":37}},"9":{"start":{"line":11,"column":12},"end":{"line":11,"column":21}},"10":{"start":{"line":12,"column":0},"end":{"line":12,"column":12}},"11":{"start":{"line":14,"column":0},"end":{"line":14,"column":21}},"12":{"start":{"line":15,"column":0},"end":{"line":15,"column":27}},"13":{"start":{"line":16,"column":0},"end":{"line":16,"column":24}},"14":{"start":{"line":17,"column":0},"end":{"line":17,"column":24}},"15":{"start":{"line":19,"column":0},"end":{"line":19,"column":38}},"16":{"start":{"line":20,"column":0},"end":{"line":20,"column":55}},"17":{"start":{"line":21,"column":0},"end":{"line":21,"column":44}},"18":{"start":{"line":22,"column":0},"end":{"line":22,"column":40}},"19":{"start":{"line":23,"column":0},"end":{"line":23,"column":50}},"20":{"start":{"line":24,"column":0},"end":{"line":24,"column":41}},"21":{"start":{"line":25,"column":0},"end":{"line":25,"column":19}},"22":{"start":{"line":26,"column":0},"end":{"line":26,"column":47}},"23":{"start":{"line":27,"column":0},"end":{"line":27,"column":49}},"24":{"start":{"line":28,"column":0},"end":{"line":28,"column":42}},"25":{"start":{"line":29,"column":0},"end":{"line":29,"column":51}},"26":{"start":{"line":31,"column":0},"end":{"line":33,"column":3}},"27":{"start":{"line":32,"column":1},"end":{"line":32,"column":72}},"28":{"start":{"line":35,"column":0},"end":{"line":41,"column":3}},"29":{"start":{"line":36,"column":1},"end":{"line":40,"column":2}},"30":{"start":{"line":37,"column":2},"end":{"line":37,"column":48}},"31":{"start":{"line":39,"column":2},"end":{"line":39,"column":39}}},"fnMap":{"0":{"name":"(anonymous_0)","decl":{"start":{"line":31,"column":8},"end":{"line":31,"column":9}},"loc":{"start":{"line":31,"column":35},"end":{"line":33,"column":1}},"line":31},"1":{"name":"(anonymous_1)","decl":{"start":{"line":35,"column":17},"end":{"line":35,"column":18}},"loc":{"start":{"line":35,"column":26},"end":{"line":41,"column":1}},"line":35}},"branchMap":{"0":{"loc":{"start":{"line":10,"column":13},"end":{"line":10,"column":37}},"type":"binary-expr","locations":[{"start":{"line":10,"column":13},"end":{"line":10,"column":29}},{"start":{"line":10,"column":33},"end":{"line":10,"column":37}}],"line":10},"1":{"loc":{"start":{"line":36,"column":1},"end":{"line":40,"column":2}},"type":"if","locations":[{"start":{"line":36,"column":1},"end":{"line":40,"column":2}},{"start":{"line":38,"column":8},"end":{"line":40,"column":2}}],"line":36}},"s":{"0":0,"1":0,"2":0,"3":0,"4":0,"5":0,"6":0,"7":0,"8":0,"9":0,"10":0,"11":0,"12":0,"13":0,"14":0,"15":0,"16":0,"17":0,"18":0,"19":0,"20":0,"21":0,"22":0,"23":0,"24":0,"25":0,"26":0,"27":0,"28":0,"29":0,"30":0,"31":0},"f":{"0":0,"1":0},"b":{"0":[0,0],"1":[0,0]}}
,"/Users/hamzakamran/Zameen/pms-rest-api/src/api/application/controller.js": {"path":"/Users/hamzakamran/Zameen/pms-rest-api/src/api/application/controller.js","statementMap":{"0":{"start":{"line":1,"column":20},"end":{"line":1,"column":38}},"1":{"start":{"line":2,"column":30},"end":{"line":2,"column":51}},"2":{"start":{"line":4,"column":21},"end":{"line":18,"column":1}},"3":{"start":{"line":5,"column":1},"end":{"line":17,"column":2}},"4":{"start":{"line":6,"column":20},"end":{"line":6,"column":60}},"5":{"start":{"line":7,"column":2},"end":{"line":9,"column":3}},"6":{"start":{"line":8,"column":3},"end":{"line":8,"column":57}},"7":{"start":{"line":11,"column":17},"end":{"line":11,"column":42}},"8":{"start":{"line":12,"column":2},"end":{"line":12,"column":22}},"9":{"start":{"line":14,"column":2},"end":{"line":14,"column":19}},"10":{"start":{"line":16,"column":2},"end":{"line":16,"column":36}},"11":{"start":{"line":20,"column":19},"end":{"line":29,"column":1}},"12":{"start":{"line":21,"column":1},"end":{"line":28,"column":2}},"13":{"start":{"line":22,"column":18},"end":{"line":24,"column":24}},"14":{"start":{"line":25,"column":2},"end":{"line":25,"column":20}},"15":{"start":{"line":27,"column":2},"end":{"line":27,"column":36}},"16":{"start":{"line":31,"column":26},"end":{"line":45,"column":1}},"17":{"start":{"line":32,"column":1},"end":{"line":44,"column":2}},"18":{"start":{"line":33,"column":17},"end":{"line":33,"column":27}},"19":{"start":{"line":35,"column":17},"end":{"line":35,"column":47}},"20":{"start":{"line":36,"column":2},"end":{"line":38,"column":3}},"21":{"start":{"line":37,"column":3},"end":{"line":37,"column":57}},"22":{"start":{"line":40,"column":2},"end":{"line":40,"column":22}},"23":{"start":{"line":41,"column":2},"end":{"line":41,"column":9}},"24":{"start":{"line":43,"column":2},"end":{"line":43,"column":36}},"25":{"start":{"line":47,"column":22},"end":{"line":57,"column":1}},"26":{"start":{"line":48,"column":1},"end":{"line":56,"column":2}},"27":{"start":{"line":49,"column":22},"end":{"line":49,"column":32}},"28":{"start":{"line":50,"column":17},"end":{"line":52,"column":20}},"29":{"start":{"line":53,"column":2},"end":{"line":53,"column":19}},"30":{"start":{"line":55,"column":2},"end":{"line":55,"column":36}},"31":{"start":{"line":59,"column":25},"end":{"line":69,"column":1}},"32":{"start":{"line":60,"column":1},"end":{"line":68,"column":2}},"33":{"start":{"line":61,"column":22},"end":{"line":61,"column":32}},"34":{"start":{"line":62,"column":17},"end":{"line":64,"column":4}},"35":{"start":{"line":65,"column":2},"end":{"line":65,"column":19}},"36":{"start":{"line":67,"column":2},"end":{"line":67,"column":36}},"37":{"start":{"line":71,"column":25},"end":{"line":79,"column":1}},"38":{"start":{"line":72,"column":1},"end":{"line":78,"column":2}},"39":{"start":{"line":73,"column":22},"end":{"line":73,"column":32}},"40":{"start":{"line":74,"column":2},"end":{"line":74,"column":42}},"41":{"start":{"line":75,"column":2},"end":{"line":75,"column":15}},"42":{"start":{"line":77,"column":2},"end":{"line":77,"column":36}},"43":{"start":{"line":81,"column":0},"end":{"line":88,"column":2}}},"fnMap":{"0":{"name":"(anonymous_0)","decl":{"start":{"line":4,"column":21},"end":{"line":4,"column":22}},"loc":{"start":{"line":4,"column":41},"end":{"line":18,"column":1}},"line":4},"1":{"name":"(anonymous_1)","decl":{"start":{"line":20,"column":19},"end":{"line":20,"column":20}},"loc":{"start":{"line":20,"column":39},"end":{"line":29,"column":1}},"line":20},"2":{"name":"(anonymous_2)","decl":{"start":{"line":31,"column":26},"end":{"line":31,"column":27}},"loc":{"start":{"line":31,"column":52},"end":{"line":45,"column":1}},"line":31},"3":{"name":"(anonymous_3)","decl":{"start":{"line":47,"column":22},"end":{"line":47,"column":23}},"loc":{"start":{"line":47,"column":42},"end":{"line":57,"column":1}},"line":47},"4":{"name":"(anonymous_4)","decl":{"start":{"line":59,"column":25},"end":{"line":59,"column":26}},"loc":{"start":{"line":59,"column":45},"end":{"line":69,"column":1}},"line":59},"5":{"name":"(anonymous_5)","decl":{"start":{"line":71,"column":25},"end":{"line":71,"column":26}},"loc":{"start":{"line":71,"column":45},"end":{"line":79,"column":1}},"line":71}},"branchMap":{"0":{"loc":{"start":{"line":7,"column":2},"end":{"line":9,"column":3}},"type":"if","locations":[{"start":{"line":7,"column":2},"end":{"line":9,"column":3}},{"start":{},"end":{}}],"line":7},"1":{"loc":{"start":{"line":36,"column":2},"end":{"line":38,"column":3}},"type":"if","locations":[{"start":{"line":36,"column":2},"end":{"line":38,"column":3}},{"start":{},"end":{}}],"line":36}},"s":{"0":0,"1":0,"2":0,"3":0,"4":0,"5":0,"6":0,"7":0,"8":0,"9":0,"10":0,"11":0,"12":0,"13":0,"14":0,"15":0,"16":0,"17":0,"18":0,"19":0,"20":0,"21":0,"22":0,"23":0,"24":0,"25":0,"26":0,"27":0,"28":0,"29":0,"30":0,"31":0,"32":0,"33":0,"34":0,"35":0,"36":0,"37":0,"38":0,"39":0,"40":0,"41":0,"42":0,"43":0},"f":{"0":0,"1":0,"2":0,"3":0,"4":0,"5":0},"b":{"0":[0,0],"1":[0,0]}}
,"/Users/hamzakamran/Zameen/pms-rest-api/src/api/application/index.js": {"path":"/Users/hamzakamran/Zameen/pms-rest-api/src/api/application/index.js","statementMap":{"0":{"start":{"line":1,"column":0},"end":{"line":1,"column":36}}},"fnMap":{},"branchMap":{},"s":{"0":0},"f":{},"b":{}}
,"/Users/hamzakamran/Zameen/pms-rest-api/src/api/application/model.js": {"path":"/Users/hamzakamran/Zameen/pms-rest-api/src/api/application/model.js","statementMap":{"0":{"start":{"line":1,"column":26},"end":{"line":1,"column":45}},"1":{"start":{"line":3,"column":26},"end":{"line":145,"column":1}},"2":{"start":{"line":147,"column":20},"end":{"line":147,"column":59}},"3":{"start":{"line":149,"column":0},"end":{"line":149,"column":29}}},"fnMap":{},"branchMap":{},"s":{"0":0,"1":0,"2":0,"3":0},"f":{},"b":{}}
,"/Users/hamzakamran/Zameen/pms-rest-api/src/api/application/route.js": {"path":"/Users/hamzakamran/Zameen/pms-rest-api/src/api/application/route.js","statementMap":{"0":{"start":{"line":1,"column":18},"end":{"line":1,"column":55}},"1":{"start":{"line":9,"column":4},"end":{"line":9,"column":27}},"2":{"start":{"line":11,"column":15},"end":{"line":11,"column":42}},"3":{"start":{"line":13,"column":0},"end":{"line":13,"column":31}},"4":{"start":{"line":15,"column":0},"end":{"line":15,"column":22}},"5":{"start":{"line":17,"column":0},"end":{"line":17,"column":28}},"6":{"start":{"line":18,"column":0},"end":{"line":18,"column":53}},"7":{"start":{"line":19,"column":0},"end":{"line":19,"column":56}},"8":{"start":{"line":20,"column":0},"end":{"line":20,"column":59}},"9":{"start":{"line":22,"column":0},"end":{"line":22,"column":24}}},"fnMap":{},"branchMap":{},"s":{"0":0,"1":0,"2":0,"3":0,"4":0,"5":0,"6":0,"7":0,"8":0,"9":0},"f":{},"b":{}}
,"/Users/hamzakamran/Zameen/pms-rest-api/src/api/application/validate.js": {"path":"/Users/hamzakamran/Zameen/pms-rest-api/src/api/application/validate.js","statementMap":{"0":{"start":{"line":1,"column":12},"end":{"line":1,"column":26}},"1":{"start":{"line":3,"column":30},"end":{"line":35,"column":2}},"2":{"start":{"line":37,"column":0},"end":{"line":37,"column":39}}},"fnMap":{},"branchMap":{},"s":{"0":0,"1":0,"2":0},"f":{},"b":{}}
,"/Users/hamzakamran/Zameen/pms-rest-api/src/api/assets/controller.js": {"path":"/Users/hamzakamran/Zameen/pms-rest-api/src/api/assets/controller.js","statementMap":{"0":{"start":{"line":6,"column":4},"end":{"line":6,"column":33}},"1":{"start":{"line":7,"column":15},"end":{"line":7,"column":32}},"2":{"start":{"line":8,"column":21},"end":{"line":8,"column":36}},"3":{"start":{"line":9,"column":15},"end":{"line":9,"column":32}},"4":{"start":{"line":11,"column":17},"end":{"line":17,"column":2}},"5":{"start":{"line":19,"column":15},"end":{"line":19,"column":23}},"6":{"start":{"line":21,"column":24},"end":{"line":25,"column":1}},"7":{"start":{"line":22,"column":26},"end":{"line":22,"column":32}},"8":{"start":{"line":23,"column":23},"end":{"line":23,"column":48}},"9":{"start":{"line":24,"column":1},"end":{"line":24,"column":47}},"10":{"start":{"line":27,"column":20},"end":{"line":48,"column":1}},"11":{"start":{"line":28,"column":1},"end":{"line":47,"column":2}},"12":{"start":{"line":29,"column":15},"end":{"line":29,"column":23}},"13":{"start":{"line":30,"column":2},"end":{"line":32,"column":3}},"14":{"start":{"line":31,"column":3},"end":{"line":31,"column":50}},"15":{"start":{"line":33,"column":21},"end":{"line":33,"column":51}},"16":{"start":{"line":34,"column":18},"end":{"line":34,"column":52}},"17":{"start":{"line":36,"column":17},"end":{"line":40,"column":3}},"18":{"start":{"line":41,"column":18},"end":{"line":41,"column":46}},"19":{"start":{"line":42,"column":2},"end":{"line":42,"column":31}},"20":{"start":{"line":44,"column":2},"end":{"line":44,"column":20}},"21":{"start":{"line":46,"column":2},"end":{"line":46,"column":36}},"22":{"start":{"line":50,"column":22},"end":{"line":68,"column":1}},"23":{"start":{"line":51,"column":1},"end":{"line":67,"column":2}},"24":{"start":{"line":52,"column":18},"end":{"line":52,"column":28}},"25":{"start":{"line":53,"column":21},"end":{"line":53,"column":51}},"26":{"start":{"line":55,"column":17},"end":{"line":58,"column":3}},"27":{"start":{"line":59,"column":18},"end":{"line":59,"column":46}},"28":{"start":{"line":60,"column":15},"end":{"line":60,"column":43}},"29":{"start":{"line":62,"column":22},"end":{"line":62,"column":46}},"30":{"start":{"line":63,"column":2},"end":{"line":63,"column":30}},"31":{"start":{"line":64,"column":2},"end":{"line":64,"column":24}},"32":{"start":{"line":66,"column":2},"end":{"line":66,"column":36}},"33":{"start":{"line":70,"column":20},"end":{"line":91,"column":1}},"34":{"start":{"line":71,"column":1},"end":{"line":90,"column":2}},"35":{"start":{"line":72,"column":18},"end":{"line":72,"column":28}},"36":{"start":{"line":73,"column":2},"end":{"line":75,"column":3}},"37":{"start":{"line":74,"column":3},"end":{"line":74,"column":51}},"38":{"start":{"line":77,"column":17},"end":{"line":80,"column":3}},"39":{"start":{"line":81,"column":18},"end":{"line":81,"column":46}},"40":{"start":{"line":82,"column":15},"end":{"line":82,"column":43}},"41":{"start":{"line":84,"column":2},"end":{"line":84,"column":50}},"42":{"start":{"line":85,"column":2},"end":{"line":85,"column":54}},"43":{"start":{"line":87,"column":2},"end":{"line":87,"column":22}},"44":{"start":{"line":89,"column":2},"end":{"line":89,"column":36}},"45":{"start":{"line":93,"column":25},"end":{"line":109,"column":1}},"46":{"start":{"line":94,"column":1},"end":{"line":108,"column":2}},"47":{"start":{"line":95,"column":18},"end":{"line":95,"column":28}},"48":{"start":{"line":96,"column":21},"end":{"line":96,"column":51}},"49":{"start":{"line":98,"column":17},"end":{"line":101,"column":3}},"50":{"start":{"line":102,"column":18},"end":{"line":102,"column":49}},"51":{"start":{"line":103,"column":2},"end":{"line":103,"column":31}},"52":{"start":{"line":105,"column":2},"end":{"line":105,"column":17}},"53":{"start":{"line":107,"column":2},"end":{"line":107,"column":36}},"54":{"start":{"line":111,"column":0},"end":{"line":117,"column":2}}},"fnMap":{"0":{"name":"(anonymous_0)","decl":{"start":{"line":21,"column":24},"end":{"line":21,"column":25}},"loc":{"start":{"line":21,"column":38},"end":{"line":25,"column":1}},"line":21},"1":{"name":"(anonymous_1)","decl":{"start":{"line":27,"column":20},"end":{"line":27,"column":21}},"loc":{"start":{"line":27,"column":40},"end":{"line":48,"column":1}},"line":27},"2":{"name":"(anonymous_2)","decl":{"start":{"line":50,"column":22},"end":{"line":50,"column":23}},"loc":{"start":{"line":50,"column":42},"end":{"line":68,"column":1}},"line":50},"3":{"name":"(anonymous_3)","decl":{"start":{"line":70,"column":20},"end":{"line":70,"column":21}},"loc":{"start":{"line":70,"column":40},"end":{"line":91,"column":1}},"line":70},"4":{"name":"(anonymous_4)","decl":{"start":{"line":93,"column":25},"end":{"line":93,"column":26}},"loc":{"start":{"line":93,"column":45},"end":{"line":109,"column":1}},"line":93}},"branchMap":{"0":{"loc":{"start":{"line":30,"column":2},"end":{"line":32,"column":3}},"type":"if","locations":[{"start":{"line":30,"column":2},"end":{"line":32,"column":3}},{"start":{},"end":{}}],"line":30},"1":{"loc":{"start":{"line":73,"column":2},"end":{"line":75,"column":3}},"type":"if","locations":[{"start":{"line":73,"column":2},"end":{"line":75,"column":3}},{"start":{},"end":{}}],"line":73}},"s":{"0":0,"1":0,"2":0,"3":0,"4":0,"5":0,"6":0,"7":0,"8":0,"9":0,"10":0,"11":0,"12":0,"13":0,"14":0,"15":0,"16":0,"17":0,"18":0,"19":0,"20":0,"21":0,"22":0,"23":0,"24":0,"25":0,"26":0,"27":0,"28":0,"29":0,"30":0,"31":0,"32":0,"33":0,"34":0,"35":0,"36":0,"37":0,"38":0,"39":0,"40":0,"41":0,"42":0,"43":0,"44":0,"45":0,"46":0,"47":0,"48":0,"49":0,"50":0,"51":0,"52":0,"53":0,"54":0},"f":{"0":0,"1":0,"2":0,"3":0,"4":0},"b":{"0":[0,0],"1":[0,0]}}
,"/Users/hamzakamran/Zameen/pms-rest-api/src/api/assets/index.js": {"path":"/Users/hamzakamran/Zameen/pms-rest-api/src/api/assets/index.js","statementMap":{"0":{"start":{"line":1,"column":0},"end":{"line":1,"column":36}}},"fnMap":{},"branchMap":{},"s":{"0":0},"f":{},"b":{}}
,"/Users/hamzakamran/Zameen/pms-rest-api/src/api/assets/route.js": {"path":"/Users/hamzakamran/Zameen/pms-rest-api/src/api/assets/route.js","statementMap":{"0":{"start":{"line":7,"column":4},"end":{"line":7,"column":27}},"1":{"start":{"line":9,"column":15},"end":{"line":9,"column":42}},"2":{"start":{"line":11,"column":0},"end":{"line":11,"column":53}},"3":{"start":{"line":12,"column":0},"end":{"line":12,"column":37}},"4":{"start":{"line":13,"column":0},"end":{"line":13,"column":35}},"5":{"start":{"line":14,"column":0},"end":{"line":14,"column":41}},"6":{"start":{"line":16,"column":0},"end":{"line":16,"column":24}}},"fnMap":{},"branchMap":{},"s":{"0":0,"1":0,"2":0,"3":0,"4":0,"5":0,"6":0},"f":{},"b":{}}
,"/Users/hamzakamran/Zameen/pms-rest-api/src/api/auth/controller.js": {"path":"/Users/hamzakamran/Zameen/pms-rest-api/src/api/auth/controller.js","statementMap":{"0":{"start":{"line":1,"column":26},"end":{"line":1,"column":53}},"1":{"start":{"line":2,"column":17},"end":{"line":2,"column":41}},"2":{"start":{"line":9,"column":4},"end":{"line":9,"column":25}},"3":{"start":{"line":10,"column":21},"end":{"line":10,"column":42}},"4":{"start":{"line":12,"column":17},"end":{"line":12,"column":44}},"5":{"start":{"line":14,"column":21},"end":{"line":19,"column":1}},"6":{"start":{"line":21,"column":20},"end":{"line":77,"column":1}},"7":{"start":{"line":22,"column":1},"end":{"line":76,"column":2}},"8":{"start":{"line":23,"column":20},"end":{"line":23,"column":42}},"9":{"start":{"line":24,"column":2},"end":{"line":26,"column":3}},"10":{"start":{"line":25,"column":3},"end":{"line":25,"column":42}},"11":{"start":{"line":28,"column":30},"end":{"line":28,"column":38}},"12":{"start":{"line":29,"column":15},"end":{"line":29,"column":48}},"13":{"start":{"line":30,"column":2},"end":{"line":32,"column":3}},"14":{"start":{"line":31,"column":3},"end":{"line":31,"column":61}},"15":{"start":{"line":34,"column":16},"end":{"line":34,"column":63}},"16":{"start":{"line":35,"column":2},"end":{"line":37,"column":3}},"17":{"start":{"line":36,"column":3},"end":{"line":36,"column":62}},"18":{"start":{"line":39,"column":30},"end":{"line":45,"column":3}},"19":{"start":{"line":47,"column":27},"end":{"line":53,"column":3}},"20":{"start":{"line":54,"column":28},"end":{"line":60,"column":3}},"21":{"start":{"line":62,"column":22},"end":{"line":62,"column":47}},"22":{"start":{"line":63,"column":23},"end":{"line":63,"column":49}},"23":{"start":{"line":65,"column":2},"end":{"line":67,"column":5}},"24":{"start":{"line":69,"column":2},"end":{"line":69,"column":48}},"25":{"start":{"line":70,"column":2},"end":{"line":73,"column":5}},"26":{"start":{"line":75,"column":2},"end":{"line":75,"column":47}},"27":{"start":{"line":79,"column":27},"end":{"line":108,"column":1}},"28":{"start":{"line":80,"column":1},"end":{"line":107,"column":2}},"29":{"start":{"line":81,"column":18},"end":{"line":81,"column":29}},"30":{"start":{"line":82,"column":2},"end":{"line":84,"column":3}},"31":{"start":{"line":83,"column":3},"end":{"line":83,"column":56}},"32":{"start":{"line":85,"column":23},"end":{"line":85,"column":34}},"33":{"start":{"line":87,"column":15},"end":{"line":87,"column":62}},"34":{"start":{"line":88,"column":2},"end":{"line":90,"column":3}},"35":{"start":{"line":89,"column":3},"end":{"line":89,"column":61}},"36":{"start":{"line":92,"column":40},"end":{"line":92,"column":69}},"37":{"start":{"line":93,"column":2},"end":{"line":95,"column":3}},"38":{"start":{"line":94,"column":3},"end":{"line":94,"column":61}},"39":{"start":{"line":97,"column":30},"end":{"line":102,"column":3}},"40":{"start":{"line":104,"column":2},"end":{"line":104,"column":32}},"41":{"start":{"line":106,"column":2},"end":{"line":106,"column":47}},"42":{"start":{"line":110,"column":21},"end":{"line":131,"column":1}},"43":{"start":{"line":111,"column":1},"end":{"line":130,"column":2}},"44":{"start":{"line":112,"column":18},"end":{"line":112,"column":29}},"45":{"start":{"line":113,"column":2},"end":{"line":115,"column":3}},"46":{"start":{"line":114,"column":3},"end":{"line":114,"column":30}},"47":{"start":{"line":116,"column":23},"end":{"line":116,"column":34}},"48":{"start":{"line":118,"column":15},"end":{"line":118,"column":62}},"49":{"start":{"line":119,"column":2},"end":{"line":122,"column":3}},"50":{"start":{"line":120,"column":3},"end":{"line":120,"column":40}},"51":{"start":{"line":121,"column":3},"end":{"line":121,"column":30}},"52":{"start":{"line":124,"column":2},"end":{"line":124,"column":60}},"53":{"start":{"line":126,"column":2},"end":{"line":126,"column":39}},"54":{"start":{"line":127,"column":2},"end":{"line":127,"column":22}},"55":{"start":{"line":129,"column":2},"end":{"line":129,"column":47}},"56":{"start":{"line":133,"column":27},"end":{"line":159,"column":1}},"57":{"start":{"line":134,"column":1},"end":{"line":158,"column":2}},"58":{"start":{"line":135,"column":20},"end":{"line":135,"column":28}},"59":{"start":{"line":136,"column":2},"end":{"line":138,"column":3}},"60":{"start":{"line":137,"column":3},"end":{"line":137,"column":66}},"61":{"start":{"line":140,"column":15},"end":{"line":140,"column":48}},"62":{"start":{"line":141,"column":2},"end":{"line":143,"column":3}},"63":{"start":{"line":142,"column":3},"end":{"line":142,"column":61}},"64":{"start":{"line":145,"column":21},"end":{"line":149,"column":4}},"65":{"start":{"line":151,"column":2},"end":{"line":151,"column":31}},"66":{"start":{"line":152,"column":2},"end":{"line":152,"column":59}},"67":{"start":{"line":153,"column":2},"end":{"line":153,"column":20}},"68":{"start":{"line":155,"column":2},"end":{"line":155,"column":23}},"69":{"start":{"line":157,"column":2},"end":{"line":157,"column":47}},"70":{"start":{"line":161,"column":28},"end":{"line":203,"column":1}},"71":{"start":{"line":162,"column":1},"end":{"line":202,"column":2}},"72":{"start":{"line":163,"column":33},"end":{"line":163,"column":41}},"73":{"start":{"line":164,"column":2},"end":{"line":168,"column":3}},"74":{"start":{"line":165,"column":3},"end":{"line":167,"column":64}},"75":{"start":{"line":170,"column":25},"end":{"line":173,"column":4}},"76":{"start":{"line":174,"column":2},"end":{"line":176,"column":3}},"77":{"start":{"line":175,"column":3},"end":{"line":175,"column":64}},"78":{"start":{"line":178,"column":15},"end":{"line":178,"column":48}},"79":{"start":{"line":179,"column":2},"end":{"line":181,"column":3}},"80":{"start":{"line":180,"column":3},"end":{"line":180,"column":61}},"81":{"start":{"line":183,"column":25},"end":{"line":183,"column":59}},"82":{"start":{"line":185,"column":2},"end":{"line":192,"column":3}},"83":{"start":{"line":186,"column":17},"end":{"line":186,"column":67}},"84":{"start":{"line":187,"column":3},"end":{"line":191,"column":4}},"85":{"start":{"line":188,"column":4},"end":{"line":190,"column":7}},"86":{"start":{"line":194,"column":2},"end":{"line":194,"column":33}},"87":{"start":{"line":195,"column":2},"end":{"line":195,"column":25}},"88":{"start":{"line":196,"column":2},"end":{"line":196,"column":31}},"89":{"start":{"line":197,"column":2},"end":{"line":197,"column":20}},"90":{"start":{"line":199,"column":2},"end":{"line":199,"column":22}},"91":{"start":{"line":201,"column":2},"end":{"line":201,"column":47}},"92":{"start":{"line":205,"column":0},"end":{"line":211,"column":2}}},"fnMap":{"0":{"name":"(anonymous_0)","decl":{"start":{"line":21,"column":20},"end":{"line":21,"column":21}},"loc":{"start":{"line":21,"column":40},"end":{"line":77,"column":1}},"line":21},"1":{"name":"(anonymous_1)","decl":{"start":{"line":79,"column":27},"end":{"line":79,"column":28}},"loc":{"start":{"line":79,"column":47},"end":{"line":108,"column":1}},"line":79},"2":{"name":"(anonymous_2)","decl":{"start":{"line":110,"column":21},"end":{"line":110,"column":22}},"loc":{"start":{"line":110,"column":41},"end":{"line":131,"column":1}},"line":110},"3":{"name":"(anonymous_3)","decl":{"start":{"line":133,"column":27},"end":{"line":133,"column":28}},"loc":{"start":{"line":133,"column":47},"end":{"line":159,"column":1}},"line":133},"4":{"name":"(anonymous_4)","decl":{"start":{"line":161,"column":28},"end":{"line":161,"column":29}},"loc":{"start":{"line":161,"column":48},"end":{"line":203,"column":1}},"line":161}},"branchMap":{"0":{"loc":{"start":{"line":24,"column":2},"end":{"line":26,"column":3}},"type":"if","locations":[{"start":{"line":24,"column":2},"end":{"line":26,"column":3}},{"start":{},"end":{}}],"line":24},"1":{"loc":{"start":{"line":30,"column":2},"end":{"line":32,"column":3}},"type":"if","locations":[{"start":{"line":30,"column":2},"end":{"line":32,"column":3}},{"start":{},"end":{}}],"line":30},"2":{"loc":{"start":{"line":35,"column":2},"end":{"line":37,"column":3}},"type":"if","locations":[{"start":{"line":35,"column":2},"end":{"line":37,"column":3}},{"start":{},"end":{}}],"line":35},"3":{"loc":{"start":{"line":82,"column":2},"end":{"line":84,"column":3}},"type":"if","locations":[{"start":{"line":82,"column":2},"end":{"line":84,"column":3}},{"start":{},"end":{}}],"line":82},"4":{"loc":{"start":{"line":88,"column":2},"end":{"line":90,"column":3}},"type":"if","locations":[{"start":{"line":88,"column":2},"end":{"line":90,"column":3}},{"start":{},"end":{}}],"line":88},"5":{"loc":{"start":{"line":93,"column":2},"end":{"line":95,"column":3}},"type":"if","locations":[{"start":{"line":93,"column":2},"end":{"line":95,"column":3}},{"start":{},"end":{}}],"line":93},"6":{"loc":{"start":{"line":113,"column":2},"end":{"line":115,"column":3}},"type":"if","locations":[{"start":{"line":113,"column":2},"end":{"line":115,"column":3}},{"start":{},"end":{}}],"line":113},"7":{"loc":{"start":{"line":119,"column":2},"end":{"line":122,"column":3}},"type":"if","locations":[{"start":{"line":119,"column":2},"end":{"line":122,"column":3}},{"start":{},"end":{}}],"line":119},"8":{"loc":{"start":{"line":136,"column":2},"end":{"line":138,"column":3}},"type":"if","locations":[{"start":{"line":136,"column":2},"end":{"line":138,"column":3}},{"start":{},"end":{}}],"line":136},"9":{"loc":{"start":{"line":141,"column":2},"end":{"line":143,"column":3}},"type":"if","locations":[{"start":{"line":141,"column":2},"end":{"line":143,"column":3}},{"start":{},"end":{}}],"line":141},"10":{"loc":{"start":{"line":164,"column":2},"end":{"line":168,"column":3}},"type":"if","locations":[{"start":{"line":164,"column":2},"end":{"line":168,"column":3}},{"start":{},"end":{}}],"line":164},"11":{"loc":{"start":{"line":164,"column":6},"end":{"line":164,"column":28}},"type":"binary-expr","locations":[{"start":{"line":164,"column":6},"end":{"line":164,"column":12}},{"start":{"line":164,"column":16},"end":{"line":164,"column":28}}],"line":164},"12":{"loc":{"start":{"line":174,"column":2},"end":{"line":176,"column":3}},"type":"if","locations":[{"start":{"line":174,"column":2},"end":{"line":176,"column":3}},{"start":{},"end":{}}],"line":174},"13":{"loc":{"start":{"line":179,"column":2},"end":{"line":181,"column":3}},"type":"if","locations":[{"start":{"line":179,"column":2},"end":{"line":181,"column":3}},{"start":{},"end":{}}],"line":179},"14":{"loc":{"start":{"line":185,"column":2},"end":{"line":192,"column":3}},"type":"if","locations":[{"start":{"line":185,"column":2},"end":{"line":192,"column":3}},{"start":{},"end":{}}],"line":185},"15":{"loc":{"start":{"line":187,"column":3},"end":{"line":191,"column":4}},"type":"if","locations":[{"start":{"line":187,"column":3},"end":{"line":191,"column":4}},{"start":{},"end":{}}],"line":187}},"s":{"0":0,"1":0,"2":0,"3":0,"4":0,"5":0,"6":0,"7":0,"8":0,"9":0,"10":0,"11":0,"12":0,"13":0,"14":0,"15":0,"16":0,"17":0,"18":0,"19":0,"20":0,"21":0,"22":0,"23":0,"24":0,"25":0,"26":0,"27":0,"28":0,"29":0,"30":0,"31":0,"32":0,"33":0,"34":0,"35":0,"36":0,"37":0,"38":0,"39":0,"40":0,"41":0,"42":0,"43":0,"44":0,"45":0,"46":0,"47":0,"48":0,"49":0,"50":0,"51":0,"52":0,"53":0,"54":0,"55":0,"56":0,"57":0,"58":0,"59":0,"60":0,"61":0,"62":0,"63":0,"64":0,"65":0,"66":0,"67":0,"68":0,"69":0,"70":0,"71":0,"72":0,"73":0,"74":0,"75":0,"76":0,"77":0,"78":0,"79":0,"80":0,"81":0,"82":0,"83":0,"84":0,"85":0,"86":0,"87":0,"88":0,"89":0,"90":0,"91":0,"92":0},"f":{"0":0,"1":0,"2":0,"3":0,"4":0},"b":{"0":[0,0],"1":[0,0],"2":[0,0],"3":[0,0],"4":[0,0],"5":[0,0],"6":[0,0],"7":[0,0],"8":[0,0],"9":[0,0],"10":[0,0],"11":[0,0],"12":[0,0],"13":[0,0],"14":[0,0],"15":[0,0]}}
,"/Users/hamzakamran/Zameen/pms-rest-api/src/api/auth/index.js": {"path":"/Users/hamzakamran/Zameen/pms-rest-api/src/api/auth/index.js","statementMap":{"0":{"start":{"line":1,"column":0},"end":{"line":1,"column":36}}},"fnMap":{},"branchMap":{},"s":{"0":0},"f":{},"b":{}}
,"/Users/hamzakamran/Zameen/pms-rest-api/src/api/auth/route.js": {"path":"/Users/hamzakamran/Zameen/pms-rest-api/src/api/auth/route.js","statementMap":{"0":{"start":{"line":1,"column":18},"end":{"line":1,"column":55}},"1":{"start":{"line":8,"column":4},"end":{"line":8,"column":27}},"2":{"start":{"line":10,"column":15},"end":{"line":10,"column":42}},"3":{"start":{"line":12,"column":0},"end":{"line":12,"column":35}},"4":{"start":{"line":13,"column":0},"end":{"line":13,"column":44}},"5":{"start":{"line":14,"column":0},"end":{"line":14,"column":37}},"6":{"start":{"line":15,"column":0},"end":{"line":15,"column":50}},"7":{"start":{"line":16,"column":0},"end":{"line":16,"column":52}},"8":{"start":{"line":18,"column":0},"end":{"line":18,"column":24}}},"fnMap":{},"branchMap":{},"s":{"0":0,"1":0,"2":0,"3":0,"4":0,"5":0,"6":0,"7":0,"8":0},"f":{},"b":{}}
,"/Users/hamzakamran/Zameen/pms-rest-api/src/api/auth/useCases.js": {"path":"/Users/hamzakamran/Zameen/pms-rest-api/src/api/auth/useCases.js","statementMap":{"0":{"start":{"line":1,"column":12},"end":{"line":1,"column":35}},"1":{"start":{"line":2,"column":26},"end":{"line":2,"column":43}},"2":{"start":{"line":3,"column":17},"end":{"line":3,"column":40}},"3":{"start":{"line":5,"column":25},"end":{"line":7,"column":1}},"4":{"start":{"line":6,"column":1},"end":{"line":6,"column":34}},"5":{"start":{"line":9,"column":24},"end":{"line":11,"column":1}},"6":{"start":{"line":10,"column":1},"end":{"line":10,"column":27}},"7":{"start":{"line":13,"column":16},"end":{"line":15,"column":1}},"8":{"start":{"line":14,"column":1},"end":{"line":14,"column":39}},"9":{"start":{"line":17,"column":18},"end":{"line":48,"column":1}},"10":{"start":{"line":18,"column":16},"end":{"line":21,"column":2}},"11":{"start":{"line":23,"column":1},"end":{"line":47,"column":2}},"12":{"start":{"line":24,"column":2},"end":{"line":42,"column":4}},"13":{"start":{"line":28,"column":4},"end":{"line":30,"column":5}},"14":{"start":{"line":29,"column":5},"end":{"line":29,"column":32}},"15":{"start":{"line":31,"column":24},"end":{"line":39,"column":5}},"16":{"start":{"line":40,"column":4},"end":{"line":40,"column":37}},"17":{"start":{"line":44,"column":2},"end":{"line":44,"column":16}},"18":{"start":{"line":46,"column":2},"end":{"line":46,"column":23}},"19":{"start":{"line":50,"column":15},"end":{"line":56,"column":1}},"20":{"start":{"line":51,"column":1},"end":{"line":55,"column":2}},"21":{"start":{"line":52,"column":2},"end":{"line":52,"column":44}},"22":{"start":{"line":54,"column":2},"end":{"line":54,"column":23}},"23":{"start":{"line":58,"column":0},"end":{"line":64,"column":2}}},"fnMap":{"0":{"name":"(anonymous_0)","decl":{"start":{"line":5,"column":25},"end":{"line":5,"column":26}},"loc":{"start":{"line":5,"column":53},"end":{"line":7,"column":1}},"line":5},"1":{"name":"(anonymous_1)","decl":{"start":{"line":9,"column":24},"end":{"line":9,"column":25}},"loc":{"start":{"line":9,"column":44},"end":{"line":11,"column":1}},"line":9},"2":{"name":"(anonymous_2)","decl":{"start":{"line":13,"column":16},"end":{"line":13,"column":17}},"loc":{"start":{"line":13,"column":50},"end":{"line":15,"column":1}},"line":13},"3":{"name":"(anonymous_3)","decl":{"start":{"line":17,"column":18},"end":{"line":17,"column":19}},"loc":{"start":{"line":17,"column":42},"end":{"line":48,"column":1}},"line":17},"4":{"name":"(anonymous_4)","decl":{"start":{"line":27,"column":3},"end":{"line":27,"column":4}},"loc":{"start":{"line":27,"column":21},"end":{"line":41,"column":4}},"line":27},"5":{"name":"(anonymous_5)","decl":{"start":{"line":50,"column":15},"end":{"line":50,"column":16}},"loc":{"start":{"line":50,"column":52},"end":{"line":56,"column":1}},"line":50}},"branchMap":{"0":{"loc":{"start":{"line":28,"column":4},"end":{"line":30,"column":5}},"type":"if","locations":[{"start":{"line":28,"column":4},"end":{"line":30,"column":5}},{"start":{},"end":{}}],"line":28},"1":{"loc":{"start":{"line":28,"column":8},"end":{"line":28,"column":48}},"type":"binary-expr","locations":[{"start":{"line":28,"column":8},"end":{"line":28,"column":11}},{"start":{"line":28,"column":15},"end":{"line":28,"column":48}}],"line":28},"2":{"loc":{"start":{"line":50,"column":33},"end":{"line":50,"column":45}},"type":"default-arg","locations":[{"start":{"line":50,"column":43},"end":{"line":50,"column":45}}],"line":50}},"s":{"0":0,"1":0,"2":0,"3":0,"4":0,"5":0,"6":0,"7":0,"8":0,"9":0,"10":0,"11":0,"12":0,"13":0,"14":0,"15":0,"16":0,"17":0,"18":0,"19":0,"20":0,"21":0,"22":0,"23":0},"f":{"0":0,"1":0,"2":0,"3":0,"4":0,"5":0},"b":{"0":[0,0],"1":[0,0],"2":[0]}}
,"/Users/hamzakamran/Zameen/pms-rest-api/src/api/auth/validate.js": {"path":"/Users/hamzakamran/Zameen/pms-rest-api/src/api/auth/validate.js","statementMap":{"0":{"start":{"line":1,"column":12},"end":{"line":1,"column":26}},"1":{"start":{"line":3,"column":25},"end":{"line":6,"column":13}},"2":{"start":{"line":8,"column":21},"end":{"line":13,"column":1}},"3":{"start":{"line":9,"column":19},"end":{"line":9,"column":50}},"4":{"start":{"line":10,"column":1},"end":{"line":12,"column":3}},"5":{"start":{"line":15,"column":0},"end":{"line":15,"column":30}}},"fnMap":{"0":{"name":"(anonymous_0)","decl":{"start":{"line":8,"column":21},"end":{"line":8,"column":22}},"loc":{"start":{"line":8,"column":31},"end":{"line":13,"column":1}},"line":8}},"branchMap":{},"s":{"0":0,"1":0,"2":0,"3":0,"4":0,"5":0},"f":{"0":0},"b":{}}
,"/Users/hamzakamran/Zameen/pms-rest-api/src/api/comment/controller.js": {"path":"/Users/hamzakamran/Zameen/pms-rest-api/src/api/comment/controller.js","statementMap":{"0":{"start":{"line":1,"column":16},"end":{"line":1,"column":34}},"1":{"start":{"line":2,"column":26},"end":{"line":2,"column":47}},"2":{"start":{"line":4,"column":21},"end":{"line":18,"column":1}},"3":{"start":{"line":5,"column":1},"end":{"line":17,"column":2}},"4":{"start":{"line":6,"column":20},"end":{"line":6,"column":56}},"5":{"start":{"line":7,"column":2},"end":{"line":9,"column":3}},"6":{"start":{"line":8,"column":3},"end":{"line":8,"column":57}},"7":{"start":{"line":11,"column":17},"end":{"line":11,"column":38}},"8":{"start":{"line":12,"column":2},"end":{"line":12,"column":22}},"9":{"start":{"line":14,"column":2},"end":{"line":14,"column":19}},"10":{"start":{"line":16,"column":2},"end":{"line":16,"column":36}},"11":{"start":{"line":20,"column":19},"end":{"line":27,"column":1}},"12":{"start":{"line":21,"column":1},"end":{"line":26,"column":2}},"13":{"start":{"line":22,"column":18},"end":{"line":22,"column":47}},"14":{"start":{"line":23,"column":2},"end":{"line":23,"column":20}},"15":{"start":{"line":25,"column":2},"end":{"line":25,"column":36}},"16":{"start":{"line":29,"column":26},"end":{"line":43,"column":1}},"17":{"start":{"line":30,"column":1},"end":{"line":42,"column":2}},"18":{"start":{"line":31,"column":17},"end":{"line":31,"column":27}},"19":{"start":{"line":33,"column":17},"end":{"line":33,"column":43}},"20":{"start":{"line":34,"column":2},"end":{"line":36,"column":3}},"21":{"start":{"line":35,"column":3},"end":{"line":35,"column":53}},"22":{"start":{"line":38,"column":2},"end":{"line":38,"column":22}},"23":{"start":{"line":39,"column":2},"end":{"line":39,"column":9}},"24":{"start":{"line":41,"column":2},"end":{"line":41,"column":36}},"25":{"start":{"line":45,"column":22},"end":{"line":53,"column":1}},"26":{"start":{"line":46,"column":1},"end":{"line":52,"column":2}},"27":{"start":{"line":47,"column":22},"end":{"line":47,"column":32}},"28":{"start":{"line":48,"column":17},"end":{"line":48,"column":43}},"29":{"start":{"line":49,"column":2},"end":{"line":49,"column":19}},"30":{"start":{"line":51,"column":2},"end":{"line":51,"column":36}},"31":{"start":{"line":55,"column":25},"end":{"line":65,"column":1}},"32":{"start":{"line":56,"column":1},"end":{"line":64,"column":2}},"33":{"start":{"line":57,"column":22},"end":{"line":57,"column":32}},"34":{"start":{"line":58,"column":17},"end":{"line":60,"column":4}},"35":{"start":{"line":61,"column":2},"end":{"line":61,"column":19}},"36":{"start":{"line":63,"column":2},"end":{"line":63,"column":36}},"37":{"start":{"line":67,"column":25},"end":{"line":75,"column":1}},"38":{"start":{"line":68,"column":1},"end":{"line":74,"column":2}},"39":{"start":{"line":69,"column":22},"end":{"line":69,"column":32}},"40":{"start":{"line":70,"column":2},"end":{"line":70,"column":38}},"41":{"start":{"line":71,"column":2},"end":{"line":71,"column":15}},"42":{"start":{"line":73,"column":2},"end":{"line":73,"column":36}},"43":{"start":{"line":77,"column":0},"end":{"line":84,"column":2}}},"fnMap":{"0":{"name":"(anonymous_0)","decl":{"start":{"line":4,"column":21},"end":{"line":4,"column":22}},"loc":{"start":{"line":4,"column":41},"end":{"line":18,"column":1}},"line":4},"1":{"name":"(anonymous_1)","decl":{"start":{"line":20,"column":19},"end":{"line":20,"column":20}},"loc":{"start":{"line":20,"column":39},"end":{"line":27,"column":1}},"line":20},"2":{"name":"(anonymous_2)","decl":{"start":{"line":29,"column":26},"end":{"line":29,"column":27}},"loc":{"start":{"line":29,"column":52},"end":{"line":43,"column":1}},"line":29},"3":{"name":"(anonymous_3)","decl":{"start":{"line":45,"column":22},"end":{"line":45,"column":23}},"loc":{"start":{"line":45,"column":42},"end":{"line":53,"column":1}},"line":45},"4":{"name":"(anonymous_4)","decl":{"start":{"line":55,"column":25},"end":{"line":55,"column":26}},"loc":{"start":{"line":55,"column":45},"end":{"line":65,"column":1}},"line":55},"5":{"name":"(anonymous_5)","decl":{"start":{"line":67,"column":25},"end":{"line":67,"column":26}},"loc":{"start":{"line":67,"column":45},"end":{"line":75,"column":1}},"line":67}},"branchMap":{"0":{"loc":{"start":{"line":7,"column":2},"end":{"line":9,"column":3}},"type":"if","locations":[{"start":{"line":7,"column":2},"end":{"line":9,"column":3}},{"start":{},"end":{}}],"line":7},"1":{"loc":{"start":{"line":34,"column":2},"end":{"line":36,"column":3}},"type":"if","locations":[{"start":{"line":34,"column":2},"end":{"line":36,"column":3}},{"start":{},"end":{}}],"line":34}},"s":{"0":0,"1":0,"2":0,"3":0,"4":0,"5":0,"6":0,"7":0,"8":0,"9":0,"10":0,"11":0,"12":0,"13":0,"14":0,"15":0,"16":0,"17":0,"18":0,"19":0,"20":0,"21":0,"22":0,"23":0,"24":0,"25":0,"26":0,"27":0,"28":0,"29":0,"30":0,"31":0,"32":0,"33":0,"34":0,"35":0,"36":0,"37":0,"38":0,"39":0,"40":0,"41":0,"42":0,"43":0},"f":{"0":0,"1":0,"2":0,"3":0,"4":0,"5":0},"b":{"0":[0,0],"1":[0,0]}}
,"/Users/hamzakamran/Zameen/pms-rest-api/src/api/comment/index.js": {"path":"/Users/hamzakamran/Zameen/pms-rest-api/src/api/comment/index.js","statementMap":{"0":{"start":{"line":1,"column":0},"end":{"line":1,"column":36}}},"fnMap":{},"branchMap":{},"s":{"0":0},"f":{},"b":{}}
,"/Users/hamzakamran/Zameen/pms-rest-api/src/api/comment/model.js": {"path":"/Users/hamzakamran/Zameen/pms-rest-api/src/api/comment/model.js","statementMap":{"0":{"start":{"line":1,"column":26},"end":{"line":1,"column":45}},"1":{"start":{"line":3,"column":22},"end":{"line":16,"column":1}},"2":{"start":{"line":18,"column":16},"end":{"line":18,"column":47}},"3":{"start":{"line":20,"column":0},"end":{"line":20,"column":25}}},"fnMap":{},"branchMap":{},"s":{"0":0,"1":0,"2":0,"3":0},"f":{},"b":{}}
,"/Users/hamzakamran/Zameen/pms-rest-api/src/api/comment/route.js": {"path":"/Users/hamzakamran/Zameen/pms-rest-api/src/api/comment/route.js","statementMap":{"0":{"start":{"line":8,"column":4},"end":{"line":8,"column":27}},"1":{"start":{"line":10,"column":15},"end":{"line":10,"column":42}},"2":{"start":{"line":12,"column":0},"end":{"line":12,"column":31}},"3":{"start":{"line":13,"column":0},"end":{"line":13,"column":28}},"4":{"start":{"line":14,"column":0},"end":{"line":14,"column":53}},"5":{"start":{"line":15,"column":0},"end":{"line":15,"column":56}},"6":{"start":{"line":16,"column":0},"end":{"line":16,"column":59}},"7":{"start":{"line":18,"column":0},"end":{"line":18,"column":24}}},"fnMap":{},"branchMap":{},"s":{"0":0,"1":0,"2":0,"3":0,"4":0,"5":0,"6":0,"7":0},"f":{},"b":{}}
,"/Users/hamzakamran/Zameen/pms-rest-api/src/api/comment/validate.js": {"path":"/Users/hamzakamran/Zameen/pms-rest-api/src/api/comment/validate.js","statementMap":{"0":{"start":{"line":1,"column":12},"end":{"line":1,"column":26}},"1":{"start":{"line":3,"column":26},"end":{"line":6,"column":2}},"2":{"start":{"line":8,"column":0},"end":{"line":8,"column":35}}},"fnMap":{},"branchMap":{},"s":{"0":0,"1":0,"2":0},"f":{},"b":{}}
,"/Users/hamzakamran/Zameen/pms-rest-api/src/api/document/controller.js": {"path":"/Users/hamzakamran/Zameen/pms-rest-api/src/api/document/controller.js","statementMap":{"0":{"start":{"line":1,"column":17},"end":{"line":1,"column":35}},"1":{"start":{"line":2,"column":27},"end":{"line":2,"column":48}},"2":{"start":{"line":4,"column":21},"end":{"line":18,"column":1}},"3":{"start":{"line":5,"column":1},"end":{"line":17,"column":2}},"4":{"start":{"line":6,"column":20},"end":{"line":6,"column":57}},"5":{"start":{"line":7,"column":2},"end":{"line":9,"column":3}},"6":{"start":{"line":8,"column":3},"end":{"line":8,"column":57}},"7":{"start":{"line":11,"column":17},"end":{"line":11,"column":39}},"8":{"start":{"line":12,"column":2},"end":{"line":12,"column":22}},"9":{"start":{"line":14,"column":2},"end":{"line":14,"column":19}},"10":{"start":{"line":16,"column":2},"end":{"line":16,"column":36}},"11":{"start":{"line":20,"column":19},"end":{"line":27,"column":1}},"12":{"start":{"line":21,"column":1},"end":{"line":26,"column":2}},"13":{"start":{"line":22,"column":18},"end":{"line":22,"column":48}},"14":{"start":{"line":23,"column":2},"end":{"line":23,"column":20}},"15":{"start":{"line":25,"column":2},"end":{"line":25,"column":36}},"16":{"start":{"line":29,"column":26},"end":{"line":43,"column":1}},"17":{"start":{"line":30,"column":1},"end":{"line":42,"column":2}},"18":{"start":{"line":31,"column":17},"end":{"line":31,"column":27}},"19":{"start":{"line":33,"column":17},"end":{"line":33,"column":44}},"20":{"start":{"line":34,"column":2},"end":{"line":36,"column":3}},"21":{"start":{"line":35,"column":3},"end":{"line":35,"column":54}},"22":{"start":{"line":38,"column":2},"end":{"line":38,"column":22}},"23":{"start":{"line":39,"column":2},"end":{"line":39,"column":9}},"24":{"start":{"line":41,"column":2},"end":{"line":41,"column":36}},"25":{"start":{"line":45,"column":22},"end":{"line":53,"column":1}},"26":{"start":{"line":46,"column":1},"end":{"line":52,"column":2}},"27":{"start":{"line":47,"column":22},"end":{"line":47,"column":32}},"28":{"start":{"line":48,"column":17},"end":{"line":48,"column":44}},"29":{"start":{"line":49,"column":2},"end":{"line":49,"column":19}},"30":{"start":{"line":51,"column":2},"end":{"line":51,"column":36}},"31":{"start":{"line":55,"column":25},"end":{"line":65,"column":1}},"32":{"start":{"line":56,"column":1},"end":{"line":64,"column":2}},"33":{"start":{"line":57,"column":22},"end":{"line":57,"column":32}},"34":{"start":{"line":58,"column":17},"end":{"line":60,"column":4}},"35":{"start":{"line":61,"column":2},"end":{"line":61,"column":19}},"36":{"start":{"line":63,"column":2},"end":{"line":63,"column":36}},"37":{"start":{"line":67,"column":25},"end":{"line":75,"column":1}},"38":{"start":{"line":68,"column":1},"end":{"line":74,"column":2}},"39":{"start":{"line":69,"column":22},"end":{"line":69,"column":32}},"40":{"start":{"line":70,"column":2},"end":{"line":70,"column":39}},"41":{"start":{"line":71,"column":2},"end":{"line":71,"column":15}},"42":{"start":{"line":73,"column":2},"end":{"line":73,"column":36}},"43":{"start":{"line":77,"column":0},"end":{"line":84,"column":2}}},"fnMap":{"0":{"name":"(anonymous_0)","decl":{"start":{"line":4,"column":21},"end":{"line":4,"column":22}},"loc":{"start":{"line":4,"column":41},"end":{"line":18,"column":1}},"line":4},"1":{"name":"(anonymous_1)","decl":{"start":{"line":20,"column":19},"end":{"line":20,"column":20}},"loc":{"start":{"line":20,"column":39},"end":{"line":27,"column":1}},"line":20},"2":{"name":"(anonymous_2)","decl":{"start":{"line":29,"column":26},"end":{"line":29,"column":27}},"loc":{"start":{"line":29,"column":52},"end":{"line":43,"column":1}},"line":29},"3":{"name":"(anonymous_3)","decl":{"start":{"line":45,"column":22},"end":{"line":45,"column":23}},"loc":{"start":{"line":45,"column":42},"end":{"line":53,"column":1}},"line":45},"4":{"name":"(anonymous_4)","decl":{"start":{"line":55,"column":25},"end":{"line":55,"column":26}},"loc":{"start":{"line":55,"column":45},"end":{"line":65,"column":1}},"line":55},"5":{"name":"(anonymous_5)","decl":{"start":{"line":67,"column":25},"end":{"line":67,"column":26}},"loc":{"start":{"line":67,"column":45},"end":{"line":75,"column":1}},"line":67}},"branchMap":{"0":{"loc":{"start":{"line":7,"column":2},"end":{"line":9,"column":3}},"type":"if","locations":[{"start":{"line":7,"column":2},"end":{"line":9,"column":3}},{"start":{},"end":{}}],"line":7},"1":{"loc":{"start":{"line":34,"column":2},"end":{"line":36,"column":3}},"type":"if","locations":[{"start":{"line":34,"column":2},"end":{"line":36,"column":3}},{"start":{},"end":{}}],"line":34}},"s":{"0":0,"1":0,"2":0,"3":0,"4":0,"5":0,"6":0,"7":0,"8":0,"9":0,"10":0,"11":0,"12":0,"13":0,"14":0,"15":0,"16":0,"17":0,"18":0,"19":0,"20":0,"21":0,"22":0,"23":0,"24":0,"25":0,"26":0,"27":0,"28":0,"29":0,"30":0,"31":0,"32":0,"33":0,"34":0,"35":0,"36":0,"37":0,"38":0,"39":0,"40":0,"41":0,"42":0,"43":0},"f":{"0":0,"1":0,"2":0,"3":0,"4":0,"5":0},"b":{"0":[0,0],"1":[0,0]}}
,"/Users/hamzakamran/Zameen/pms-rest-api/src/api/document/index.js": {"path":"/Users/hamzakamran/Zameen/pms-rest-api/src/api/document/index.js","statementMap":{"0":{"start":{"line":1,"column":0},"end":{"line":1,"column":36}}},"fnMap":{},"branchMap":{},"s":{"0":0},"f":{},"b":{}}
,"/Users/hamzakamran/Zameen/pms-rest-api/src/api/document/model.js": {"path":"/Users/hamzakamran/Zameen/pms-rest-api/src/api/document/model.js","statementMap":{"0":{"start":{"line":1,"column":26},"end":{"line":1,"column":45}},"1":{"start":{"line":3,"column":23},"end":{"line":15,"column":1}},"2":{"start":{"line":17,"column":17},"end":{"line":17,"column":50}},"3":{"start":{"line":19,"column":0},"end":{"line":19,"column":26}}},"fnMap":{},"branchMap":{},"s":{"0":0,"1":0,"2":0,"3":0},"f":{},"b":{}}
,"/Users/hamzakamran/Zameen/pms-rest-api/src/api/document/route.js": {"path":"/Users/hamzakamran/Zameen/pms-rest-api/src/api/document/route.js","statementMap":{"0":{"start":{"line":8,"column":4},"end":{"line":8,"column":27}},"1":{"start":{"line":10,"column":15},"end":{"line":10,"column":42}},"2":{"start":{"line":12,"column":0},"end":{"line":12,"column":31}},"3":{"start":{"line":13,"column":0},"end":{"line":13,"column":28}},"4":{"start":{"line":14,"column":0},"end":{"line":14,"column":53}},"5":{"start":{"line":15,"column":0},"end":{"line":15,"column":56}},"6":{"start":{"line":16,"column":0},"end":{"line":16,"column":59}},"7":{"start":{"line":18,"column":0},"end":{"line":18,"column":24}}},"fnMap":{},"branchMap":{},"s":{"0":0,"1":0,"2":0,"3":0,"4":0,"5":0,"6":0,"7":0},"f":{},"b":{}}
,"/Users/hamzakamran/Zameen/pms-rest-api/src/api/document/validate.js": {"path":"/Users/hamzakamran/Zameen/pms-rest-api/src/api/document/validate.js","statementMap":{"0":{"start":{"line":1,"column":12},"end":{"line":1,"column":26}},"1":{"start":{"line":3,"column":27},"end":{"line":7,"column":2}},"2":{"start":{"line":9,"column":0},"end":{"line":9,"column":36}}},"fnMap":{},"branchMap":{},"s":{"0":0,"1":0,"2":0},"f":{},"b":{}}
,"/Users/hamzakamran/Zameen/pms-rest-api/src/api/email/controller.js": {"path":"/Users/hamzakamran/Zameen/pms-rest-api/src/api/email/controller.js","statementMap":{"0":{"start":{"line":1,"column":40},"end":{"line":1,"column":70}},"1":{"start":{"line":3,"column":18},"end":{"line":9,"column":2}},"2":{"start":{"line":11,"column":18},"end":{"line":40,"column":1}},"3":{"start":{"line":12,"column":1},"end":{"line":39,"column":2}},"4":{"start":{"line":13,"column":35},"end":{"line":13,"column":43}},"5":{"start":{"line":15,"column":2},"end":{"line":19,"column":3}},"6":{"start":{"line":16,"column":3},"end":{"line":18,"column":52}},"7":{"start":{"line":21,"column":17},"end":{"line":32,"column":3}},"8":{"start":{"line":33,"column":18},"end":{"line":33,"column":46}},"9":{"start":{"line":34,"column":15},"end":{"line":34,"column":44}},"10":{"start":{"line":36,"column":2},"end":{"line":36,"column":17}},"11":{"start":{"line":38,"column":2},"end":{"line":38,"column":36}},"12":{"start":{"line":42,"column":0},"end":{"line":44,"column":2}}},"fnMap":{"0":{"name":"(anonymous_0)","decl":{"start":{"line":11,"column":18},"end":{"line":11,"column":19}},"loc":{"start":{"line":11,"column":38},"end":{"line":40,"column":1}},"line":11}},"branchMap":{"0":{"loc":{"start":{"line":15,"column":2},"end":{"line":19,"column":3}},"type":"if","locations":[{"start":{"line":15,"column":2},"end":{"line":19,"column":3}},{"start":{},"end":{}}],"line":15},"1":{"loc":{"start":{"line":15,"column":6},"end":{"line":15,"column":33}},"type":"binary-expr","locations":[{"start":{"line":15,"column":6},"end":{"line":15,"column":9}},{"start":{"line":15,"column":13},"end":{"line":15,"column":21}},{"start":{"line":15,"column":25},"end":{"line":15,"column":33}}],"line":15}},"s":{"0":0,"1":0,"2":0,"3":0,"4":0,"5":0,"6":0,"7":0,"8":0,"9":0,"10":0,"11":0,"12":0},"f":{"0":0},"b":{"0":[0,0],"1":[0,0,0]}}
,"/Users/hamzakamran/Zameen/pms-rest-api/src/api/email/index.js": {"path":"/Users/hamzakamran/Zameen/pms-rest-api/src/api/email/index.js","statementMap":{"0":{"start":{"line":1,"column":0},"end":{"line":1,"column":36}}},"fnMap":{},"branchMap":{},"s":{"0":0},"f":{},"b":{}}
,"/Users/hamzakamran/Zameen/pms-rest-api/src/api/email/route.js": {"path":"/Users/hamzakamran/Zameen/pms-rest-api/src/api/email/route.js","statementMap":{"0":{"start":{"line":1,"column":22},"end":{"line":1,"column":45}},"1":{"start":{"line":3,"column":15},"end":{"line":3,"column":42}},"2":{"start":{"line":5,"column":0},"end":{"line":5,"column":32}},"3":{"start":{"line":7,"column":0},"end":{"line":7,"column":24}}},"fnMap":{},"branchMap":{},"s":{"0":0,"1":0,"2":0,"3":0},"f":{},"b":{}}
,"/Users/hamzakamran/Zameen/pms-rest-api/src/api/health/index.js": {"path":"/Users/hamzakamran/Zameen/pms-rest-api/src/api/health/index.js","statementMap":{"0":{"start":{"line":1,"column":0},"end":{"line":1,"column":36}}},"fnMap":{},"branchMap":{},"s":{"0":0},"f":{},"b":{}}
,"/Users/hamzakamran/Zameen/pms-rest-api/src/api/health/route.js": {"path":"/Users/hamzakamran/Zameen/pms-rest-api/src/api/health/route.js","statementMap":{"0":{"start":{"line":1,"column":15},"end":{"line":1,"column":42}},"1":{"start":{"line":3,"column":0},"end":{"line":3,"column":61}},"2":{"start":{"line":3,"column":37},"end":{"line":3,"column":59}},"3":{"start":{"line":5,"column":0},"end":{"line":5,"column":24}}},"fnMap":{"0":{"name":"(anonymous_0)","decl":{"start":{"line":3,"column":16},"end":{"line":3,"column":17}},"loc":{"start":{"line":3,"column":37},"end":{"line":3,"column":59}},"line":3}},"branchMap":{},"s":{"0":1,"1":1,"2":1,"3":1},"f":{"0":1},"b":{},"_coverageSchema":"1a1c01bbd47fc00a2c39e90264f33305004495a9","hash":"dcce08906ec39db440f85cee64cb81cec27971cf"}
,"/Users/hamzakamran/Zameen/pms-rest-api/src/api/property/controller.js": {"path":"/Users/hamzakamran/Zameen/pms-rest-api/src/api/property/controller.js","statementMap":{"0":{"start":{"line":1,"column":26},"end":{"line":1,"column":53}},"1":{"start":{"line":2,"column":21},"end":{"line":2,"column":39}},"2":{"start":{"line":3,"column":33},"end":{"line":3,"column":54}},"3":{"start":{"line":5,"column":21},"end":{"line":5,"column":52}},"4":{"start":{"line":7,"column":23},"end":{"line":24,"column":1}},"5":{"start":{"line":8,"column":1},"end":{"line":23,"column":2}},"6":{"start":{"line":9,"column":20},"end":{"line":12,"column":3}},"7":{"start":{"line":13,"column":2},"end":{"line":15,"column":3}},"8":{"start":{"line":14,"column":3},"end":{"line":14,"column":38}},"9":{"start":{"line":17,"column":19},"end":{"line":19,"column":4}},"10":{"start":{"line":20,"column":2},"end":{"line":20,"column":21}},"11":{"start":{"line":22,"column":2},"end":{"line":22,"column":36}},"12":{"start":{"line":26,"column":22},"end":{"line":33,"column":1}},"13":{"start":{"line":27,"column":1},"end":{"line":32,"column":2}},"14":{"start":{"line":28,"column":21},"end":{"line":28,"column":51}},"15":{"start":{"line":29,"column":2},"end":{"line":29,"column":23}},"16":{"start":{"line":31,"column":2},"end":{"line":31,"column":36}},"17":{"start":{"line":35,"column":28},"end":{"line":49,"column":1}},"18":{"start":{"line":36,"column":1},"end":{"line":48,"column":2}},"19":{"start":{"line":37,"column":17},"end":{"line":37,"column":27}},"20":{"start":{"line":39,"column":19},"end":{"line":39,"column":46}},"21":{"start":{"line":40,"column":2},"end":{"line":42,"column":3}},"22":{"start":{"line":41,"column":3},"end":{"line":41,"column":54}},"23":{"start":{"line":44,"column":2},"end":{"line":44,"column":26}},"24":{"start":{"line":45,"column":2},"end":{"line":45,"column":9}},"25":{"start":{"line":47,"column":2},"end":{"line":47,"column":36}},"26":{"start":{"line":51,"column":24},"end":{"line":57,"column":1}},"27":{"start":{"line":52,"column":1},"end":{"line":56,"column":2}},"28":{"start":{"line":53,"column":2},"end":{"line":53,"column":25}},"29":{"start":{"line":55,"column":2},"end":{"line":55,"column":36}},"30":{"start":{"line":59,"column":27},"end":{"line":69,"column":1}},"31":{"start":{"line":60,"column":1},"end":{"line":68,"column":2}},"32":{"start":{"line":61,"column":19},"end":{"line":64,"column":3}},"33":{"start":{"line":65,"column":2},"end":{"line":65,"column":21}},"34":{"start":{"line":67,"column":2},"end":{"line":67,"column":36}},"35":{"start":{"line":71,"column":27},"end":{"line":78,"column":1}},"36":{"start":{"line":72,"column":1},"end":{"line":77,"column":2}},"37":{"start":{"line":73,"column":2},"end":{"line":73,"column":46}},"38":{"start":{"line":74,"column":2},"end":{"line":74,"column":17}},"39":{"start":{"line":76,"column":2},"end":{"line":76,"column":36}},"40":{"start":{"line":80,"column":0},"end":{"line":87,"column":2}}},"fnMap":{"0":{"name":"(anonymous_0)","decl":{"start":{"line":7,"column":23},"end":{"line":7,"column":24}},"loc":{"start":{"line":7,"column":43},"end":{"line":24,"column":1}},"line":7},"1":{"name":"(anonymous_1)","decl":{"start":{"line":26,"column":22},"end":{"line":26,"column":23}},"loc":{"start":{"line":26,"column":42},"end":{"line":33,"column":1}},"line":26},"2":{"name":"(anonymous_2)","decl":{"start":{"line":35,"column":28},"end":{"line":35,"column":29}},"loc":{"start":{"line":35,"column":54},"end":{"line":49,"column":1}},"line":35},"3":{"name":"(anonymous_3)","decl":{"start":{"line":51,"column":24},"end":{"line":51,"column":25}},"loc":{"start":{"line":51,"column":44},"end":{"line":57,"column":1}},"line":51},"4":{"name":"(anonymous_4)","decl":{"start":{"line":59,"column":27},"end":{"line":59,"column":28}},"loc":{"start":{"line":59,"column":47},"end":{"line":69,"column":1}},"line":59},"5":{"name":"(anonymous_5)","decl":{"start":{"line":71,"column":27},"end":{"line":71,"column":28}},"loc":{"start":{"line":71,"column":47},"end":{"line":78,"column":1}},"line":71}},"branchMap":{"0":{"loc":{"start":{"line":13,"column":2},"end":{"line":15,"column":3}},"type":"if","locations":[{"start":{"line":13,"column":2},"end":{"line":15,"column":3}},{"start":{},"end":{}}],"line":13},"1":{"loc":{"start":{"line":40,"column":2},"end":{"line":42,"column":3}},"type":"if","locations":[{"start":{"line":40,"column":2},"end":{"line":42,"column":3}},{"start":{},"end":{}}],"line":40}},"s":{"0":0,"1":0,"2":0,"3":0,"4":0,"5":0,"6":0,"7":0,"8":0,"9":0,"10":0,"11":0,"12":0,"13":0,"14":0,"15":0,"16":0,"17":0,"18":0,"19":0,"20":0,"21":0,"22":0,"23":0,"24":0,"25":0,"26":0,"27":0,"28":0,"29":0,"30":0,"31":0,"32":0,"33":0,"34":0,"35":0,"36":0,"37":0,"38":0,"39":0,"40":0},"f":{"0":0,"1":0,"2":0,"3":0,"4":0,"5":0},"b":{"0":[0,0],"1":[0,0]}}
,"/Users/hamzakamran/Zameen/pms-rest-api/src/api/property/index.js": {"path":"/Users/hamzakamran/Zameen/pms-rest-api/src/api/property/index.js","statementMap":{"0":{"start":{"line":1,"column":0},"end":{"line":1,"column":36}}},"fnMap":{},"branchMap":{},"s":{"0":0},"f":{},"b":{}}
,"/Users/hamzakamran/Zameen/pms-rest-api/src/api/property/model.js": {"path":"/Users/hamzakamran/Zameen/pms-rest-api/src/api/property/model.js","statementMap":{"0":{"start":{"line":1,"column":26},"end":{"line":1,"column":45}},"1":{"start":{"line":3,"column":23},"end":{"line":38,"column":1}},"2":{"start":{"line":40,"column":17},"end":{"line":40,"column":50}},"3":{"start":{"line":42,"column":0},"end":{"line":45,"column":2}}},"fnMap":{},"branchMap":{},"s":{"0":0,"1":0,"2":0,"3":0},"f":{},"b":{}}
,"/Users/hamzakamran/Zameen/pms-rest-api/src/api/property/route.js": {"path":"/Users/hamzakamran/Zameen/pms-rest-api/src/api/property/route.js","statementMap":{"0":{"start":{"line":1,"column":18},"end":{"line":1,"column":55}},"1":{"start":{"line":9,"column":4},"end":{"line":9,"column":27}},"2":{"start":{"line":11,"column":15},"end":{"line":11,"column":42}},"3":{"start":{"line":13,"column":0},"end":{"line":13,"column":31}},"4":{"start":{"line":14,"column":0},"end":{"line":14,"column":57}},"5":{"start":{"line":16,"column":0},"end":{"line":16,"column":22}},"6":{"start":{"line":18,"column":0},"end":{"line":18,"column":33}},"7":{"start":{"line":19,"column":0},"end":{"line":19,"column":60}},"8":{"start":{"line":20,"column":0},"end":{"line":20,"column":63}},"9":{"start":{"line":22,"column":0},"end":{"line":22,"column":24}}},"fnMap":{},"branchMap":{},"s":{"0":0,"1":0,"2":0,"3":0,"4":0,"5":0,"6":0,"7":0,"8":0,"9":0},"f":{},"b":{}}
,"/Users/hamzakamran/Zameen/pms-rest-api/src/api/property/validate.js": {"path":"/Users/hamzakamran/Zameen/pms-rest-api/src/api/property/validate.js","statementMap":{"0":{"start":{"line":1,"column":12},"end":{"line":1,"column":26}},"1":{"start":{"line":3,"column":33},"end":{"line":20,"column":2}},"2":{"start":{"line":22,"column":0},"end":{"line":22,"column":42}}},"fnMap":{},"branchMap":{},"s":{"0":0,"1":0,"2":0},"f":{},"b":{}}
,"/Users/hamzakamran/Zameen/pms-rest-api/src/api/user/controller.js": {"path":"/Users/hamzakamran/Zameen/pms-rest-api/src/api/user/controller.js","statementMap":{"0":{"start":{"line":1,"column":26},"end":{"line":1,"column":53}},"1":{"start":{"line":2,"column":28},"end":{"line":2,"column":55}},"2":{"start":{"line":3,"column":17},"end":{"line":3,"column":35}},"3":{"start":{"line":4,"column":29},"end":{"line":4,"column":50}},"4":{"start":{"line":6,"column":17},"end":{"line":6,"column":44}},"5":{"start":{"line":8,"column":19},"end":{"line":38,"column":1}},"6":{"start":{"line":9,"column":1},"end":{"line":37,"column":2}},"7":{"start":{"line":10,"column":20},"end":{"line":10,"column":69}},"8":{"start":{"line":11,"column":2},"end":{"line":13,"column":3}},"9":{"start":{"line":12,"column":3},"end":{"line":12,"column":38}},"10":{"start":{"line":15,"column":30},"end":{"line":15,"column":38}},"11":{"start":{"line":16,"column":21},"end":{"line":16,"column":54}},"12":{"start":{"line":17,"column":2},"end":{"line":19,"column":3}},"13":{"start":{"line":18,"column":3},"end":{"line":18,"column":55}},"14":{"start":{"line":22,"column":2},"end":{"line":32,"column":3}},"15":{"start":{"line":23,"column":26},"end":{"line":23,"column":57}},"16":{"start":{"line":24,"column":3},"end":{"line":27,"column":6}},"17":{"start":{"line":29,"column":3},"end":{"line":31,"column":6}},"18":{"start":{"line":34,"column":2},"end":{"line":34,"column":17}},"19":{"start":{"line":36,"column":2},"end":{"line":36,"column":36}},"20":{"start":{"line":40,"column":17},"end":{"line":47,"column":1}},"21":{"start":{"line":41,"column":1},"end":{"line":46,"column":2}},"22":{"start":{"line":42,"column":16},"end":{"line":42,"column":42}},"23":{"start":{"line":43,"column":2},"end":{"line":43,"column":18}},"24":{"start":{"line":45,"column":2},"end":{"line":45,"column":36}},"25":{"start":{"line":49,"column":24},"end":{"line":63,"column":1}},"26":{"start":{"line":50,"column":1},"end":{"line":62,"column":2}},"27":{"start":{"line":51,"column":17},"end":{"line":51,"column":27}},"28":{"start":{"line":53,"column":15},"end":{"line":53,"column":42}},"29":{"start":{"line":54,"column":2},"end":{"line":56,"column":3}},"30":{"start":{"line":55,"column":3},"end":{"line":55,"column":50}},"31":{"start":{"line":58,"column":2},"end":{"line":58,"column":18}},"32":{"start":{"line":59,"column":2},"end":{"line":59,"column":9}},"33":{"start":{"line":61,"column":2},"end":{"line":61,"column":36}},"34":{"start":{"line":65,"column":20},"end":{"line":71,"column":1}},"35":{"start":{"line":66,"column":1},"end":{"line":70,"column":2}},"36":{"start":{"line":67,"column":2},"end":{"line":67,"column":21}},"37":{"start":{"line":69,"column":2},"end":{"line":69,"column":36}},"38":{"start":{"line":73,"column":23},"end":{"line":81,"column":1}},"39":{"start":{"line":74,"column":1},"end":{"line":80,"column":2}},"40":{"start":{"line":75,"column":22},"end":{"line":75,"column":30}},"41":{"start":{"line":76,"column":15},"end":{"line":76,"column":54}},"42":{"start":{"line":77,"column":2},"end":{"line":77,"column":17}},"43":{"start":{"line":79,"column":2},"end":{"line":79,"column":36}},"44":{"start":{"line":83,"column":23},"end":{"line":92,"column":1}},"45":{"start":{"line":84,"column":1},"end":{"line":91,"column":2}},"46":{"start":{"line":85,"column":22},"end":{"line":85,"column":30}},"47":{"start":{"line":87,"column":2},"end":{"line":87,"column":28}},"48":{"start":{"line":88,"column":2},"end":{"line":88,"column":17}},"49":{"start":{"line":90,"column":2},"end":{"line":90,"column":36}},"50":{"start":{"line":94,"column":0},"end":{"line":101,"column":2}}},"fnMap":{"0":{"name":"(anonymous_0)","decl":{"start":{"line":8,"column":19},"end":{"line":8,"column":20}},"loc":{"start":{"line":8,"column":39},"end":{"line":38,"column":1}},"line":8},"1":{"name":"(anonymous_1)","decl":{"start":{"line":40,"column":17},"end":{"line":40,"column":18}},"loc":{"start":{"line":40,"column":37},"end":{"line":47,"column":1}},"line":40},"2":{"name":"(anonymous_2)","decl":{"start":{"line":49,"column":24},"end":{"line":49,"column":25}},"loc":{"start":{"line":49,"column":50},"end":{"line":63,"column":1}},"line":49},"3":{"name":"(anonymous_3)","decl":{"start":{"line":65,"column":20},"end":{"line":65,"column":21}},"loc":{"start":{"line":65,"column":40},"end":{"line":71,"column":1}},"line":65},"4":{"name":"(anonymous_4)","decl":{"start":{"line":73,"column":23},"end":{"line":73,"column":24}},"loc":{"start":{"line":73,"column":43},"end":{"line":81,"column":1}},"line":73},"5":{"name":"(anonymous_5)","decl":{"start":{"line":83,"column":23},"end":{"line":83,"column":24}},"loc":{"start":{"line":83,"column":43},"end":{"line":92,"column":1}},"line":83}},"branchMap":{"0":{"loc":{"start":{"line":11,"column":2},"end":{"line":13,"column":3}},"type":"if","locations":[{"start":{"line":11,"column":2},"end":{"line":13,"column":3}},{"start":{},"end":{}}],"line":11},"1":{"loc":{"start":{"line":17,"column":2},"end":{"line":19,"column":3}},"type":"if","locations":[{"start":{"line":17,"column":2},"end":{"line":19,"column":3}},{"start":{},"end":{}}],"line":17},"2":{"loc":{"start":{"line":22,"column":2},"end":{"line":32,"column":3}},"type":"if","locations":[{"start":{"line":22,"column":2},"end":{"line":32,"column":3}},{"start":{"line":28,"column":9},"end":{"line":32,"column":3}}],"line":22},"3":{"loc":{"start":{"line":54,"column":2},"end":{"line":56,"column":3}},"type":"if","locations":[{"start":{"line":54,"column":2},"end":{"line":56,"column":3}},{"start":{},"end":{}}],"line":54}},"s":{"0":0,"1":0,"2":0,"3":0,"4":0,"5":0,"6":0,"7":0,"8":0,"9":0,"10":0,"11":0,"12":0,"13":0,"14":0,"15":0,"16":0,"17":0,"18":0,"19":0,"20":0,"21":0,"22":0,"23":0,"24":0,"25":0,"26":0,"27":0,"28":0,"29":0,"30":0,"31":0,"32":0,"33":0,"34":0,"35":0,"36":0,"37":0,"38":0,"39":0,"40":0,"41":0,"42":0,"43":0,"44":0,"45":0,"46":0,"47":0,"48":0,"49":0,"50":0},"f":{"0":0,"1":0,"2":0,"3":0,"4":0,"5":0},"b":{"0":[0,0],"1":[0,0],"2":[0,0],"3":[0,0]}}
,"/Users/hamzakamran/Zameen/pms-rest-api/src/api/user/index.js": {"path":"/Users/hamzakamran/Zameen/pms-rest-api/src/api/user/index.js","statementMap":{"0":{"start":{"line":1,"column":0},"end":{"line":1,"column":36}}},"fnMap":{},"branchMap":{},"s":{"0":0},"f":{},"b":{}}
,"/Users/hamzakamran/Zameen/pms-rest-api/src/api/user/model.js": {"path":"/Users/hamzakamran/Zameen/pms-rest-api/src/api/user/model.js","statementMap":{"0":{"start":{"line":1,"column":26},"end":{"line":1,"column":45}},"1":{"start":{"line":3,"column":19},"end":{"line":33,"column":1}},"2":{"start":{"line":27,"column":18},"end":{"line":27,"column":28}},"3":{"start":{"line":35,"column":13},"end":{"line":35,"column":38}},"4":{"start":{"line":37,"column":0},"end":{"line":40,"column":2}}},"fnMap":{"0":{"name":"(anonymous_0)","decl":{"start":{"line":27,"column":12},"end":{"line":27,"column":13}},"loc":{"start":{"line":27,"column":18},"end":{"line":27,"column":28}},"line":27}},"branchMap":{},"s":{"0":0,"1":0,"2":0,"3":0,"4":0},"f":{"0":0},"b":{}}
,"/Users/hamzakamran/Zameen/pms-rest-api/src/api/user/route.js": {"path":"/Users/hamzakamran/Zameen/pms-rest-api/src/api/user/route.js","statementMap":{"0":{"start":{"line":1,"column":18},"end":{"line":1,"column":55}},"1":{"start":{"line":9,"column":4},"end":{"line":9,"column":27}},"2":{"start":{"line":11,"column":15},"end":{"line":11,"column":42}},"3":{"start":{"line":13,"column":0},"end":{"line":13,"column":29}},"4":{"start":{"line":14,"column":0},"end":{"line":14,"column":26}},"5":{"start":{"line":16,"column":0},"end":{"line":16,"column":22}},"6":{"start":{"line":18,"column":0},"end":{"line":18,"column":49}},"7":{"start":{"line":19,"column":0},"end":{"line":19,"column":52}},"8":{"start":{"line":20,"column":0},"end":{"line":20,"column":55}},"9":{"start":{"line":22,"column":0},"end":{"line":22,"column":24}}},"fnMap":{},"branchMap":{},"s":{"0":0,"1":0,"2":0,"3":0,"4":0,"5":0,"6":0,"7":0,"8":0,"9":0},"f":{},"b":{}}
,"/Users/hamzakamran/Zameen/pms-rest-api/src/api/user/validate.js": {"path":"/Users/hamzakamran/Zameen/pms-rest-api/src/api/user/validate.js","statementMap":{"0":{"start":{"line":1,"column":12},"end":{"line":1,"column":26}},"1":{"start":{"line":3,"column":29},"end":{"line":10,"column":2}},"2":{"start":{"line":12,"column":0},"end":{"line":12,"column":38}}},"fnMap":{},"branchMap":{},"s":{"0":0,"1":0,"2":0},"f":{},"b":{}}
,"/Users/hamzakamran/Zameen/pms-rest-api/src/api/workOrder/controller.js": {"path":"/Users/hamzakamran/Zameen/pms-rest-api/src/api/workOrder/controller.js","statementMap":{"0":{"start":{"line":1,"column":16},"end":{"line":1,"column":43}},"1":{"start":{"line":2,"column":18},"end":{"line":2,"column":36}},"2":{"start":{"line":3,"column":28},"end":{"line":3,"column":49}},"3":{"start":{"line":4,"column":21},"end":{"line":4,"column":40}},"4":{"start":{"line":6,"column":21},"end":{"line":20,"column":1}},"5":{"start":{"line":7,"column":1},"end":{"line":19,"column":2}},"6":{"start":{"line":8,"column":20},"end":{"line":8,"column":58}},"7":{"start":{"line":9,"column":2},"end":{"line":11,"column":3}},"8":{"start":{"line":10,"column":3},"end":{"line":10,"column":57}},"9":{"start":{"line":13,"column":17},"end":{"line":13,"column":40}},"10":{"start":{"line":14,"column":2},"end":{"line":14,"column":22}},"11":{"start":{"line":16,"column":2},"end":{"line":16,"column":19}},"12":{"start":{"line":18,"column":2},"end":{"line":18,"column":36}},"13":{"start":{"line":22,"column":19},"end":{"line":31,"column":1}},"14":{"start":{"line":23,"column":1},"end":{"line":30,"column":2}},"15":{"start":{"line":24,"column":18},"end":{"line":26,"column":24}},"16":{"start":{"line":27,"column":2},"end":{"line":27,"column":20}},"17":{"start":{"line":29,"column":2},"end":{"line":29,"column":36}},"18":{"start":{"line":33,"column":26},"end":{"line":47,"column":1}},"19":{"start":{"line":34,"column":1},"end":{"line":46,"column":2}},"20":{"start":{"line":35,"column":17},"end":{"line":35,"column":27}},"21":{"start":{"line":37,"column":17},"end":{"line":37,"column":45}},"22":{"start":{"line":38,"column":2},"end":{"line":40,"column":3}},"23":{"start":{"line":39,"column":3},"end":{"line":39,"column":55}},"24":{"start":{"line":42,"column":2},"end":{"line":42,"column":22}},"25":{"start":{"line":43,"column":2},"end":{"line":43,"column":9}},"26":{"start":{"line":45,"column":2},"end":{"line":45,"column":36}},"27":{"start":{"line":49,"column":22},"end":{"line":66,"column":1}},"28":{"start":{"line":50,"column":1},"end":{"line":65,"column":2}},"29":{"start":{"line":51,"column":22},"end":{"line":51,"column":32}},"30":{"start":{"line":52,"column":17},"end":{"line":61,"column":5}},"31":{"start":{"line":62,"column":2},"end":{"line":62,"column":19}},"32":{"start":{"line":64,"column":2},"end":{"line":64,"column":36}},"33":{"start":{"line":68,"column":25},"end":{"line":78,"column":1}},"34":{"start":{"line":69,"column":1},"end":{"line":77,"column":2}},"35":{"start":{"line":70,"column":22},"end":{"line":70,"column":32}},"36":{"start":{"line":71,"column":17},"end":{"line":73,"column":4}},"37":{"start":{"line":74,"column":2},"end":{"line":74,"column":19}},"38":{"start":{"line":76,"column":2},"end":{"line":76,"column":36}},"39":{"start":{"line":80,"column":25},"end":{"line":89,"column":1}},"40":{"start":{"line":81,"column":1},"end":{"line":88,"column":2}},"41":{"start":{"line":82,"column":22},"end":{"line":82,"column":32}},"42":{"start":{"line":83,"column":2},"end":{"line":83,"column":66}},"43":{"start":{"line":84,"column":2},"end":{"line":84,"column":40}},"44":{"start":{"line":85,"column":2},"end":{"line":85,"column":15}},"45":{"start":{"line":87,"column":2},"end":{"line":87,"column":36}},"46":{"start":{"line":91,"column":19},"end":{"line":115,"column":1}},"47":{"start":{"line":92,"column":1},"end":{"line":114,"column":2}},"48":{"start":{"line":93,"column":24},"end":{"line":93,"column":34}},"49":{"start":{"line":94,"column":2},"end":{"line":96,"column":3}},"50":{"start":{"line":95,"column":3},"end":{"line":95,"column":57}},"51":{"start":{"line":98,"column":18},"end":{"line":98,"column":51}},"52":{"start":{"line":99,"column":2},"end":{"line":101,"column":3}},"53":{"start":{"line":100,"column":3},"end":{"line":100,"column":53}},"54":{"start":{"line":103,"column":21},"end":{"line":103,"column":24}},"55":{"start":{"line":104,"column":2},"end":{"line":106,"column":3}},"56":{"start":{"line":105,"column":3},"end":{"line":105,"column":57}},"57":{"start":{"line":108,"column":2},"end":{"line":108,"column":34}},"58":{"start":{"line":109,"column":2},"end":{"line":109,"column":22}},"59":{"start":{"line":111,"column":2},"end":{"line":111,"column":22}},"60":{"start":{"line":113,"column":2},"end":{"line":113,"column":36}},"61":{"start":{"line":117,"column":26},"end":{"line":133,"column":1}},"62":{"start":{"line":118,"column":1},"end":{"line":132,"column":2}},"63":{"start":{"line":119,"column":24},"end":{"line":119,"column":34}},"64":{"start":{"line":120,"column":2},"end":{"line":122,"column":3}},"65":{"start":{"line":121,"column":3},"end":{"line":121,"column":57}},"66":{"start":{"line":124,"column":21},"end":{"line":124,"column":24}},"67":{"start":{"line":125,"column":19},"end":{"line":125,"column":61}},"68":{"start":{"line":125,"column":47},"end":{"line":125,"column":60}},"69":{"start":{"line":126,"column":2},"end":{"line":126,"column":72}},"70":{"start":{"line":126,"column":49},"end":{"line":126,"column":70}},"71":{"start":{"line":127,"column":2},"end":{"line":127,"column":22}},"72":{"start":{"line":129,"column":2},"end":{"line":129,"column":22}},"73":{"start":{"line":131,"column":2},"end":{"line":131,"column":36}},"74":{"start":{"line":135,"column":0},"end":{"line":144,"column":2}}},"fnMap":{"0":{"name":"(anonymous_0)","decl":{"start":{"line":6,"column":21},"end":{"line":6,"column":22}},"loc":{"start":{"line":6,"column":41},"end":{"line":20,"column":1}},"line":6},"1":{"name":"(anonymous_1)","decl":{"start":{"line":22,"column":19},"end":{"line":22,"column":20}},"loc":{"start":{"line":22,"column":39},"end":{"line":31,"column":1}},"line":22},"2":{"name":"(anonymous_2)","decl":{"start":{"line":33,"column":26},"end":{"line":33,"column":27}},"loc":{"start":{"line":33,"column":52},"end":{"line":47,"column":1}},"line":33},"3":{"name":"(anonymous_3)","decl":{"start":{"line":49,"column":22},"end":{"line":49,"column":23}},"loc":{"start":{"line":49,"column":42},"end":{"line":66,"column":1}},"line":49},"4":{"name":"(anonymous_4)","decl":{"start":{"line":68,"column":25},"end":{"line":68,"column":26}},"loc":{"start":{"line":68,"column":45},"end":{"line":78,"column":1}},"line":68},"5":{"name":"(anonymous_5)","decl":{"start":{"line":80,"column":25},"end":{"line":80,"column":26}},"loc":{"start":{"line":80,"column":45},"end":{"line":89,"column":1}},"line":80},"6":{"name":"(anonymous_6)","decl":{"start":{"line":91,"column":19},"end":{"line":91,"column":20}},"loc":{"start":{"line":91,"column":39},"end":{"line":115,"column":1}},"line":91},"7":{"name":"(anonymous_7)","decl":{"start":{"line":117,"column":26},"end":{"line":117,"column":27}},"loc":{"start":{"line":117,"column":46},"end":{"line":133,"column":1}},"line":117},"8":{"name":"(anonymous_8)","decl":{"start":{"line":125,"column":39},"end":{"line":125,"column":40}},"loc":{"start":{"line":125,"column":47},"end":{"line":125,"column":60}},"line":125},"9":{"name":"(anonymous_9)","decl":{"start":{"line":126,"column":36},"end":{"line":126,"column":37}},"loc":{"start":{"line":126,"column":49},"end":{"line":126,"column":70}},"line":126}},"branchMap":{"0":{"loc":{"start":{"line":9,"column":2},"end":{"line":11,"column":3}},"type":"if","locations":[{"start":{"line":9,"column":2},"end":{"line":11,"column":3}},{"start":{},"end":{}}],"line":9},"1":{"loc":{"start":{"line":38,"column":2},"end":{"line":40,"column":3}},"type":"if","locations":[{"start":{"line":38,"column":2},"end":{"line":40,"column":3}},{"start":{},"end":{}}],"line":38},"2":{"loc":{"start":{"line":94,"column":2},"end":{"line":96,"column":3}},"type":"if","locations":[{"start":{"line":94,"column":2},"end":{"line":96,"column":3}},{"start":{},"end":{}}],"line":94},"3":{"loc":{"start":{"line":99,"column":2},"end":{"line":101,"column":3}},"type":"if","locations":[{"start":{"line":99,"column":2},"end":{"line":101,"column":3}},{"start":{},"end":{}}],"line":99},"4":{"loc":{"start":{"line":104,"column":2},"end":{"line":106,"column":3}},"type":"if","locations":[{"start":{"line":104,"column":2},"end":{"line":106,"column":3}},{"start":{},"end":{}}],"line":104},"5":{"loc":{"start":{"line":120,"column":2},"end":{"line":122,"column":3}},"type":"if","locations":[{"start":{"line":120,"column":2},"end":{"line":122,"column":3}},{"start":{},"end":{}}],"line":120}},"s":{"0":0,"1":0,"2":0,"3":0,"4":0,"5":0,"6":0,"7":0,"8":0,"9":0,"10":0,"11":0,"12":0,"13":0,"14":0,"15":0,"16":0,"17":0,"18":0,"19":0,"20":0,"21":0,"22":0,"23":0,"24":0,"25":0,"26":0,"27":0,"28":0,"29":0,"30":0,"31":0,"32":0,"33":0,"34":0,"35":0,"36":0,"37":0,"38":0,"39":0,"40":0,"41":0,"42":0,"43":0,"44":0,"45":0,"46":0,"47":0,"48":0,"49":0,"50":0,"51":0,"52":0,"53":0,"54":0,"55":0,"56":0,"57":0,"58":0,"59":0,"60":0,"61":0,"62":0,"63":0,"64":0,"65":0,"66":0,"67":0,"68":0,"69":0,"70":0,"71":0,"72":0,"73":0,"74":0},"f":{"0":0,"1":0,"2":0,"3":0,"4":0,"5":0,"6":0,"7":0,"8":0,"9":0},"b":{"0":[0,0],"1":[0,0],"2":[0,0],"3":[0,0],"4":[0,0],"5":[0,0]}}
,"/Users/hamzakamran/Zameen/pms-rest-api/src/api/workOrder/index.js": {"path":"/Users/hamzakamran/Zameen/pms-rest-api/src/api/workOrder/index.js","statementMap":{"0":{"start":{"line":1,"column":0},"end":{"line":1,"column":36}}},"fnMap":{},"branchMap":{},"s":{"0":0},"f":{},"b":{}}
,"/Users/hamzakamran/Zameen/pms-rest-api/src/api/workOrder/model.js": {"path":"/Users/hamzakamran/Zameen/pms-rest-api/src/api/workOrder/model.js","statementMap":{"0":{"start":{"line":1,"column":26},"end":{"line":1,"column":45}},"1":{"start":{"line":3,"column":24},"end":{"line":36,"column":1}},"2":{"start":{"line":38,"column":18},"end":{"line":38,"column":53}},"3":{"start":{"line":40,"column":0},"end":{"line":40,"column":27}}},"fnMap":{},"branchMap":{},"s":{"0":0,"1":0,"2":0,"3":0},"f":{},"b":{}}
,"/Users/hamzakamran/Zameen/pms-rest-api/src/api/workOrder/route.js": {"path":"/Users/hamzakamran/Zameen/pms-rest-api/src/api/workOrder/route.js","statementMap":{"0":{"start":{"line":10,"column":4},"end":{"line":10,"column":27}},"1":{"start":{"line":12,"column":15},"end":{"line":12,"column":42}},"2":{"start":{"line":14,"column":0},"end":{"line":14,"column":31}},"3":{"start":{"line":15,"column":0},"end":{"line":15,"column":28}},"4":{"start":{"line":16,"column":0},"end":{"line":16,"column":53}},"5":{"start":{"line":17,"column":0},"end":{"line":17,"column":56}},"6":{"start":{"line":18,"column":0},"end":{"line":18,"column":59}},"7":{"start":{"line":20,"column":0},"end":{"line":20,"column":71}},"8":{"start":{"line":21,"column":0},"end":{"line":21,"column":80}},"9":{"start":{"line":23,"column":0},"end":{"line":23,"column":24}}},"fnMap":{},"branchMap":{},"s":{"0":0,"1":0,"2":0,"3":0,"4":0,"5":0,"6":0,"7":0,"8":0,"9":0},"f":{},"b":{}}
,"/Users/hamzakamran/Zameen/pms-rest-api/src/api/workOrder/validate.js": {"path":"/Users/hamzakamran/Zameen/pms-rest-api/src/api/workOrder/validate.js","statementMap":{"0":{"start":{"line":1,"column":12},"end":{"line":1,"column":26}},"1":{"start":{"line":3,"column":28},"end":{"line":15,"column":2}},"2":{"start":{"line":17,"column":0},"end":{"line":17,"column":37}}},"fnMap":{},"branchMap":{},"s":{"0":0,"1":0,"2":0},"f":{},"b":{}}
,"/Users/hamzakamran/Zameen/pms-rest-api/src/config/allowedOrigins.js": {"path":"/Users/hamzakamran/Zameen/pms-rest-api/src/config/allowedOrigins.js","statementMap":{"0":{"start":{"line":1,"column":23},"end":{"line":7,"column":1}},"1":{"start":{"line":9,"column":0},"end":{"line":9,"column":32}}},"fnMap":{},"branchMap":{},"s":{"0":0,"1":0},"f":{},"b":{}}
,"/Users/hamzakamran/Zameen/pms-rest-api/src/config/corsOptions.js": {"path":"/Users/hamzakamran/Zameen/pms-rest-api/src/config/corsOptions.js","statementMap":{"0":{"start":{"line":1,"column":23},"end":{"line":1,"column":50}},"1":{"start":{"line":3,"column":20},"end":{"line":12,"column":1}},"2":{"start":{"line":5,"column":2},"end":{"line":9,"column":3}},"3":{"start":{"line":6,"column":3},"end":{"line":6,"column":24}},"4":{"start":{"line":8,"column":3},"end":{"line":8,"column":47}},"5":{"start":{"line":14,"column":0},"end":{"line":14,"column":29}}},"fnMap":{"0":{"name":"(anonymous_0)","decl":{"start":{"line":4,"column":9},"end":{"line":4,"column":10}},"loc":{"start":{"line":4,"column":31},"end":{"line":10,"column":2}},"line":4}},"branchMap":{"0":{"loc":{"start":{"line":5,"column":2},"end":{"line":9,"column":3}},"type":"if","locations":[{"start":{"line":5,"column":2},"end":{"line":9,"column":3}},{"start":{"line":7,"column":9},"end":{"line":9,"column":3}}],"line":5},"1":{"loc":{"start":{"line":5,"column":6},"end":{"line":5,"column":54}},"type":"binary-expr","locations":[{"start":{"line":5,"column":6},"end":{"line":5,"column":43}},{"start":{"line":5,"column":47},"end":{"line":5,"column":54}}],"line":5}},"s":{"0":0,"1":0,"2":0,"3":0,"4":0,"5":0},"f":{"0":0},"b":{"0":[0,0],"1":[0,0]}}
,"/Users/hamzakamran/Zameen/pms-rest-api/src/config/db.js": {"path":"/Users/hamzakamran/Zameen/pms-rest-api/src/config/db.js","statementMap":{"0":{"start":{"line":1,"column":17},"end":{"line":1,"column":36}},"1":{"start":{"line":3,"column":18},"end":{"line":11,"column":1}},"2":{"start":{"line":4,"column":1},"end":{"line":10,"column":2}},"3":{"start":{"line":5,"column":15},"end":{"line":5,"column":60}},"4":{"start":{"line":6,"column":2},"end":{"line":6,"column":60}},"5":{"start":{"line":8,"column":2},"end":{"line":8,"column":19}},"6":{"start":{"line":9,"column":2},"end":{"line":9,"column":18}},"7":{"start":{"line":13,"column":0},"end":{"line":13,"column":27}}},"fnMap":{"0":{"name":"(anonymous_0)","decl":{"start":{"line":3,"column":18},"end":{"line":3,"column":19}},"loc":{"start":{"line":3,"column":30},"end":{"line":11,"column":1}},"line":3}},"branchMap":{},"s":{"0":0,"1":0,"2":0,"3":0,"4":0,"5":0,"6":0,"7":0},"f":{"0":0},"b":{}}
,"/Users/hamzakamran/Zameen/pms-rest-api/src/middleware/credentials.js": {"path":"/Users/hamzakamran/Zameen/pms-rest-api/src/middleware/credentials.js","statementMap":{"0":{"start":{"line":1,"column":23},"end":{"line":1,"column":58}},"1":{"start":{"line":3,"column":20},"end":{"line":9,"column":1}},"2":{"start":{"line":4,"column":16},"end":{"line":4,"column":34}},"3":{"start":{"line":5,"column":1},"end":{"line":7,"column":2}},"4":{"start":{"line":6,"column":2},"end":{"line":6,"column":55}},"5":{"start":{"line":8,"column":1},"end":{"line":8,"column":8}},"6":{"start":{"line":11,"column":0},"end":{"line":11,"column":29}}},"fnMap":{"0":{"name":"(anonymous_0)","decl":{"start":{"line":3,"column":20},"end":{"line":3,"column":21}},"loc":{"start":{"line":3,"column":40},"end":{"line":9,"column":1}},"line":3}},"branchMap":{"0":{"loc":{"start":{"line":5,"column":1},"end":{"line":7,"column":2}},"type":"if","locations":[{"start":{"line":5,"column":1},"end":{"line":7,"column":2}},{"start":{},"end":{}}],"line":5}},"s":{"0":0,"1":0,"2":0,"3":0,"4":0,"5":0,"6":0},"f":{"0":0},"b":{"0":[0,0]}}
,"/Users/hamzakamran/Zameen/pms-rest-api/src/middleware/verifyJwt.js": {"path":"/Users/hamzakamran/Zameen/pms-rest-api/src/middleware/verifyJwt.js","statementMap":{"0":{"start":{"line":1,"column":12},"end":{"line":1,"column":35}},"1":{"start":{"line":2,"column":0},"end":{"line":2,"column":27}},"2":{"start":{"line":4,"column":18},"end":{"line":13,"column":1}},"3":{"start":{"line":5,"column":20},"end":{"line":5,"column":48}},"4":{"start":{"line":6,"column":1},"end":{"line":6,"column":45}},"5":{"start":{"line":6,"column":18},"end":{"line":6,"column":45}},"6":{"start":{"line":7,"column":15},"end":{"line":7,"column":39}},"7":{"start":{"line":8,"column":1},"end":{"line":12,"column":4}},"8":{"start":{"line":9,"column":2},"end":{"line":9,"column":38}},"9":{"start":{"line":9,"column":11},"end":{"line":9,"column":38}},"10":{"start":{"line":10,"column":2},"end":{"line":10,"column":30}},"11":{"start":{"line":11,"column":2},"end":{"line":11,"column":9}},"12":{"start":{"line":15,"column":0},"end":{"line":15,"column":27}}},"fnMap":{"0":{"name":"(anonymous_0)","decl":{"start":{"line":4,"column":18},"end":{"line":4,"column":19}},"loc":{"start":{"line":4,"column":38},"end":{"line":13,"column":1}},"line":4},"1":{"name":"(anonymous_1)","decl":{"start":{"line":8,"column":52},"end":{"line":8,"column":53}},"loc":{"start":{"line":8,"column":70},"end":{"line":12,"column":2}},"line":8}},"branchMap":{"0":{"loc":{"start":{"line":6,"column":1},"end":{"line":6,"column":45}},"type":"if","locations":[{"start":{"line":6,"column":1},"end":{"line":6,"column":45}},{"start":{},"end":{}}],"line":6},"1":{"loc":{"start":{"line":9,"column":2},"end":{"line":9,"column":38}},"type":"if","locations":[{"start":{"line":9,"column":2},"end":{"line":9,"column":38}},{"start":{},"end":{}}],"line":9}},"s":{"0":0,"1":0,"2":0,"3":0,"4":0,"5":0,"6":0,"7":0,"8":0,"9":0,"10":0,"11":0,"12":0},"f":{"0":0,"1":0},"b":{"0":[0,0],"1":[0,0]}}
,"/Users/hamzakamran/Zameen/pms-rest-api/src/repository/index.js": {"path":"/Users/hamzakamran/Zameen/pms-rest-api/src/repository/index.js","statementMap":{"0":{"start":{"line":3,"column":2},"end":{"line":3,"column":21}},"1":{"start":{"line":7,"column":2},"end":{"line":7,"column":35}},"2":{"start":{"line":11,"column":2},"end":{"line":11,"column":32}},"3":{"start":{"line":15,"column":2},"end":{"line":15,"column":33}},"4":{"start":{"line":19,"column":2},"end":{"line":19,"column":39}},"5":{"start":{"line":23,"column":2},"end":{"line":23,"column":46}},"6":{"start":{"line":27,"column":2},"end":{"line":27,"column":69}},"7":{"start":{"line":31,"column":2},"end":{"line":31,"column":50}},"8":{"start":{"line":35,"column":20},"end":{"line":35,"column":41}},"9":{"start":{"line":36,"column":2},"end":{"line":36,"column":55}},"10":{"start":{"line":40,"column":0},"end":{"line":40,"column":35}}},"fnMap":{"0":{"name":"(anonymous_0)","decl":{"start":{"line":2,"column":1},"end":{"line":2,"column":2}},"loc":{"start":{"line":2,"column":20},"end":{"line":4,"column":2}},"line":2},"1":{"name":"(anonymous_1)","decl":{"start":{"line":6,"column":1},"end":{"line":6,"column":2}},"loc":{"start":{"line":6,"column":22},"end":{"line":8,"column":2}},"line":6},"2":{"name":"(anonymous_2)","decl":{"start":{"line":10,"column":1},"end":{"line":10,"column":2}},"loc":{"start":{"line":10,"column":22},"end":{"line":12,"column":2}},"line":10},"3":{"name":"(anonymous_3)","decl":{"start":{"line":14,"column":1},"end":{"line":14,"column":2}},"loc":{"start":{"line":14,"column":20},"end":{"line":16,"column":2}},"line":14},"4":{"name":"(anonymous_4)","decl":{"start":{"line":18,"column":1},"end":{"line":18,"column":2}},"loc":{"start":{"line":18,"column":26},"end":{"line":20,"column":2}},"line":18},"5":{"name":"(anonymous_5)","decl":{"start":{"line":22,"column":1},"end":{"line":22,"column":2}},"loc":{"start":{"line":22,"column":40},"end":{"line":24,"column":2}},"line":22},"6":{"name":"(anonymous_6)","decl":{"start":{"line":26,"column":1},"end":{"line":26,"column":2}},"loc":{"start":{"line":26,"column":34},"end":{"line":28,"column":2}},"line":26},"7":{"name":"(anonymous_7)","decl":{"start":{"line":30,"column":1},"end":{"line":30,"column":2}},"loc":{"start":{"line":30,"column":18},"end":{"line":32,"column":2}},"line":30},"8":{"name":"(anonymous_8)","decl":{"start":{"line":34,"column":1},"end":{"line":34,"column":2}},"loc":{"start":{"line":34,"column":24},"end":{"line":37,"column":2}},"line":34}},"branchMap":{"0":{"loc":{"start":{"line":36,"column":18},"end":{"line":36,"column":52}},"type":"binary-expr","locations":[{"start":{"line":36,"column":18},"end":{"line":36,"column":44}},{"start":{"line":36,"column":48},"end":{"line":36,"column":52}}],"line":36}},"s":{"0":0,"1":0,"2":0,"3":0,"4":0,"5":0,"6":0,"7":0,"8":0,"9":0,"10":0},"f":{"0":0,"1":0,"2":0,"3":0,"4":0,"5":0,"6":0,"7":0,"8":0},"b":{"0":[0,0]}}
}
