TN:
SF:src/index.js
FN:31,(anonymous_0)
FN:35,(anonymous_1)
FNF:2
FNH:0
FNDA:0,(anonymous_0)
FNDA:0,(anonymous_1)
DA:1,0
DA:2,0
DA:3,0
DA:4,0
DA:5,0
DA:6,0
DA:7,0
DA:8,0
DA:10,0
DA:11,0
DA:12,0
DA:14,0
DA:15,0
DA:16,0
DA:17,0
DA:19,0
DA:20,0
DA:21,0
DA:22,0
DA:23,0
DA:24,0
DA:25,0
DA:26,0
DA:27,0
DA:28,0
DA:29,0
DA:31,0
DA:32,0
DA:35,0
DA:36,0
DA:37,0
DA:39,0
LF:32
LH:0
BRDA:10,0,0,0
BRDA:10,0,1,0
BRDA:36,1,0,0
BRDA:36,1,1,0
BRF:4
BRH:0
end_of_record
TN:
SF:src/api/application/controller.js
FN:4,(anonymous_0)
FN:20,(anonymous_1)
FN:31,(anonymous_2)
FN:47,(anonymous_3)
FN:59,(anonymous_4)
FN:71,(anonymous_5)
FNF:6
FNH:0
FNDA:0,(anonymous_0)
FNDA:0,(anonymous_1)
FNDA:0,(anonymous_2)
FNDA:0,(anonymous_3)
FNDA:0,(anonymous_4)
FNDA:0,(anonymous_5)
DA:1,0
DA:2,0
DA:4,0
DA:5,0
DA:6,0
DA:7,0
DA:8,0
DA:11,0
DA:12,0
DA:14,0
DA:16,0
DA:20,0
DA:21,0
DA:22,0
DA:25,0
DA:27,0
DA:31,0
DA:32,0
DA:33,0
DA:35,0
DA:36,0
DA:37,0
DA:40,0
DA:41,0
DA:43,0
DA:47,0
DA:48,0
DA:49,0
DA:50,0
DA:53,0
DA:55,0
DA:59,0
DA:60,0
DA:61,0
DA:62,0
DA:65,0
DA:67,0
DA:71,0
DA:72,0
DA:73,0
DA:74,0
DA:75,0
DA:77,0
DA:81,0
LF:44
LH:0
BRDA:7,0,0,0
BRDA:7,0,1,0
BRDA:36,1,0,0
BRDA:36,1,1,0
BRF:4
BRH:0
end_of_record
TN:
SF:src/api/application/index.js
FNF:0
FNH:0
DA:1,0
LF:1
LH:0
BRF:0
BRH:0
end_of_record
TN:
SF:src/api/application/model.js
FNF:0
FNH:0
DA:1,0
DA:3,0
DA:147,0
DA:149,0
LF:4
LH:0
BRF:0
BRH:0
end_of_record
TN:
SF:src/api/application/route.js
FNF:0
FNH:0
DA:1,0
DA:9,0
DA:11,0
DA:13,0
DA:15,0
DA:17,0
DA:18,0
DA:19,0
DA:20,0
DA:22,0
LF:10
LH:0
BRF:0
BRH:0
end_of_record
TN:
SF:src/api/application/validate.js
FNF:0
FNH:0
DA:1,0
DA:3,0
DA:37,0
LF:3
LH:0
BRF:0
BRH:0
end_of_record
TN:
SF:src/api/assets/controller.js
FN:21,(anonymous_0)
FN:27,(anonymous_1)
FN:50,(anonymous_2)
FN:70,(anonymous_3)
FN:93,(anonymous_4)
FNF:5
FNH:0
FNDA:0,(anonymous_0)
FNDA:0,(anonymous_1)
FNDA:0,(anonymous_2)
FNDA:0,(anonymous_3)
FNDA:0,(anonymous_4)
DA:6,0
DA:7,0
DA:8,0
DA:9,0
DA:11,0
DA:19,0
DA:21,0
DA:22,0
DA:23,0
DA:24,0
DA:27,0
DA:28,0
DA:29,0
DA:30,0
DA:31,0
DA:33,0
DA:34,0
DA:36,0
DA:41,0
DA:42,0
DA:44,0
DA:46,0
DA:50,0
DA:51,0
DA:52,0
DA:53,0
DA:55,0
DA:59,0
DA:60,0
DA:62,0
DA:63,0
DA:64,0
DA:66,0
DA:70,0
DA:71,0
DA:72,0
DA:73,0
DA:74,0
DA:77,0
DA:81,0
DA:82,0
DA:84,0
DA:85,0
DA:87,0
DA:89,0
DA:93,0
DA:94,0
DA:95,0
DA:96,0
DA:98,0
DA:102,0
DA:103,0
DA:105,0
DA:107,0
DA:111,0
LF:55
LH:0
BRDA:30,0,0,0
BRDA:30,0,1,0
BRDA:73,1,0,0
BRDA:73,1,1,0
BRF:4
BRH:0
end_of_record
TN:
SF:src/api/assets/index.js
FNF:0
FNH:0
DA:1,0
LF:1
LH:0
BRF:0
BRH:0
end_of_record
TN:
SF:src/api/assets/route.js
FNF:0
FNH:0
DA:7,0
DA:9,0
DA:11,0
DA:12,0
DA:13,0
DA:14,0
DA:16,0
LF:7
LH:0
BRF:0
BRH:0
end_of_record
TN:
SF:src/api/auth/controller.js
FN:21,(anonymous_0)
FN:79,(anonymous_1)
FN:110,(anonymous_2)
FN:133,(anonymous_3)
FN:161,(anonymous_4)
FNF:5
FNH:0
FNDA:0,(anonymous_0)
FNDA:0,(anonymous_1)
FNDA:0,(anonymous_2)
FNDA:0,(anonymous_3)
FNDA:0,(anonymous_4)
DA:1,0
DA:2,0
DA:9,0
DA:10,0
DA:12,0
DA:14,0
DA:21,0
DA:22,0
DA:23,0
DA:24,0
DA:25,0
DA:28,0
DA:29,0
DA:30,0
DA:31,0
DA:34,0
DA:35,0
DA:36,0
DA:39,0
DA:47,0
DA:54,0
DA:62,0
DA:63,0
DA:65,0
DA:69,0
DA:70,0
DA:75,0
DA:79,0
DA:80,0
DA:81,0
DA:82,0
DA:83,0
DA:85,0
DA:87,0
DA:88,0
DA:89,0
DA:92,0
DA:93,0
DA:94,0
DA:97,0
DA:104,0
DA:106,0
DA:110,0
DA:111,0
DA:112,0
DA:113,0
DA:114,0
DA:116,0
DA:118,0
DA:119,0
DA:120,0
DA:121,0
DA:124,0
DA:126,0
DA:127,0
DA:129,0
DA:133,0
DA:134,0
DA:135,0
DA:136,0
DA:137,0
DA:140,0
DA:141,0
DA:142,0
DA:145,0
DA:151,0
DA:152,0
DA:153,0
DA:155,0
DA:157,0
DA:161,0
DA:162,0
DA:163,0
DA:164,0
DA:165,0
DA:170,0
DA:174,0
DA:175,0
DA:178,0
DA:179,0
DA:180,0
DA:183,0
DA:185,0
DA:186,0
DA:187,0
DA:188,0
DA:194,0
DA:195,0
DA:196,0
DA:197,0
DA:199,0
DA:201,0
DA:205,0
LF:93
LH:0
BRDA:24,0,0,0
BRDA:24,0,1,0
BRDA:30,1,0,0
BRDA:30,1,1,0
BRDA:35,2,0,0
BRDA:35,2,1,0
BRDA:82,3,0,0
BRDA:82,3,1,0
BRDA:88,4,0,0
BRDA:88,4,1,0
BRDA:93,5,0,0
BRDA:93,5,1,0
BRDA:113,6,0,0
BRDA:113,6,1,0
BRDA:119,7,0,0
BRDA:119,7,1,0
BRDA:136,8,0,0
BRDA:136,8,1,0
BRDA:141,9,0,0
BRDA:141,9,1,0
BRDA:164,10,0,0
BRDA:164,10,1,0
BRDA:164,11,0,0
BRDA:164,11,1,0
BRDA:174,12,0,0
BRDA:174,12,1,0
BRDA:179,13,0,0
BRDA:179,13,1,0
BRDA:185,14,0,0
BRDA:185,14,1,0
BRDA:187,15,0,0
BRDA:187,15,1,0
BRF:32
BRH:0
end_of_record
TN:
SF:src/api/auth/index.js
FNF:0
FNH:0
DA:1,0
LF:1
LH:0
BRF:0
BRH:0
end_of_record
TN:
SF:src/api/auth/route.js
FNF:0
FNH:0
DA:1,0
DA:8,0
DA:10,0
DA:12,0
DA:13,0
DA:14,0
DA:15,0
DA:16,0
DA:18,0
LF:9
LH:0
BRF:0
BRH:0
end_of_record
TN:
SF:src/api/auth/useCases.js
FN:5,(anonymous_0)
FN:9,(anonymous_1)
FN:13,(anonymous_2)
FN:17,(anonymous_3)
FN:27,(anonymous_4)
FN:50,(anonymous_5)
FNF:6
FNH:0
FNDA:0,(anonymous_0)
FNDA:0,(anonymous_1)
FNDA:0,(anonymous_2)
FNDA:0,(anonymous_3)
FNDA:0,(anonymous_4)
FNDA:0,(anonymous_5)
DA:1,0
DA:2,0
DA:3,0
DA:5,0
DA:6,0
DA:9,0
DA:10,0
DA:13,0
DA:14,0
DA:17,0
DA:18,0
DA:23,0
DA:24,0
DA:28,0
DA:29,0
DA:31,0
DA:40,0
DA:44,0
DA:46,0
DA:50,0
DA:51,0
DA:52,0
DA:54,0
DA:58,0
LF:24
LH:0
BRDA:28,0,0,0
BRDA:28,0,1,0
BRDA:28,1,0,0
BRDA:28,1,1,0
BRDA:50,2,0,0
BRF:5
BRH:0
end_of_record
TN:
SF:src/api/auth/validate.js
FN:8,(anonymous_0)
FNF:1
FNH:0
FNDA:0,(anonymous_0)
DA:1,0
DA:3,0
DA:8,0
DA:9,0
DA:10,0
DA:15,0
LF:6
LH:0
BRF:0
BRH:0
end_of_record
TN:
SF:src/api/comment/controller.js
FN:4,(anonymous_0)
FN:20,(anonymous_1)
FN:29,(anonymous_2)
FN:45,(anonymous_3)
FN:55,(anonymous_4)
FN:67,(anonymous_5)
FNF:6
FNH:0
FNDA:0,(anonymous_0)
FNDA:0,(anonymous_1)
FNDA:0,(anonymous_2)
FNDA:0,(anonymous_3)
FNDA:0,(anonymous_4)
FNDA:0,(anonymous_5)
DA:1,0
DA:2,0
DA:4,0
DA:5,0
DA:6,0
DA:7,0
DA:8,0
DA:11,0
DA:12,0
DA:14,0
DA:16,0
DA:20,0
DA:21,0
DA:22,0
DA:23,0
DA:25,0
DA:29,0
DA:30,0
DA:31,0
DA:33,0
DA:34,0
DA:35,0
DA:38,0
DA:39,0
DA:41,0
DA:45,0
DA:46,0
DA:47,0
DA:48,0
DA:49,0
DA:51,0
DA:55,0
DA:56,0
DA:57,0
DA:58,0
DA:61,0
DA:63,0
DA:67,0
DA:68,0
DA:69,0
DA:70,0
DA:71,0
DA:73,0
DA:77,0
LF:44
LH:0
BRDA:7,0,0,0
BRDA:7,0,1,0
BRDA:34,1,0,0
BRDA:34,1,1,0
BRF:4
BRH:0
end_of_record
TN:
SF:src/api/comment/index.js
FNF:0
FNH:0
DA:1,0
LF:1
LH:0
BRF:0
BRH:0
end_of_record
TN:
SF:src/api/comment/model.js
FNF:0
FNH:0
DA:1,0
DA:3,0
DA:18,0
DA:20,0
LF:4
LH:0
BRF:0
BRH:0
end_of_record
TN:
SF:src/api/comment/route.js
FNF:0
FNH:0
DA:8,0
DA:10,0
DA:12,0
DA:13,0
DA:14,0
DA:15,0
DA:16,0
DA:18,0
LF:8
LH:0
BRF:0
BRH:0
end_of_record
TN:
SF:src/api/comment/validate.js
FNF:0
FNH:0
DA:1,0
DA:3,0
DA:8,0
LF:3
LH:0
BRF:0
BRH:0
end_of_record
TN:
SF:src/api/document/controller.js
FN:4,(anonymous_0)
FN:20,(anonymous_1)
FN:29,(anonymous_2)
FN:45,(anonymous_3)
FN:55,(anonymous_4)
FN:67,(anonymous_5)
FNF:6
FNH:0
FNDA:0,(anonymous_0)
FNDA:0,(anonymous_1)
FNDA:0,(anonymous_2)
FNDA:0,(anonymous_3)
FNDA:0,(anonymous_4)
FNDA:0,(anonymous_5)
DA:1,0
DA:2,0
DA:4,0
DA:5,0
DA:6,0
DA:7,0
DA:8,0
DA:11,0
DA:12,0
DA:14,0
DA:16,0
DA:20,0
DA:21,0
DA:22,0
DA:23,0
DA:25,0
DA:29,0
DA:30,0
DA:31,0
DA:33,0
DA:34,0
DA:35,0
DA:38,0
DA:39,0
DA:41,0
DA:45,0
DA:46,0
DA:47,0
DA:48,0
DA:49,0
DA:51,0
DA:55,0
DA:56,0
DA:57,0
DA:58,0
DA:61,0
DA:63,0
DA:67,0
DA:68,0
DA:69,0
DA:70,0
DA:71,0
DA:73,0
DA:77,0
LF:44
LH:0
BRDA:7,0,0,0
BRDA:7,0,1,0
BRDA:34,1,0,0
BRDA:34,1,1,0
BRF:4
BRH:0
end_of_record
TN:
SF:src/api/document/index.js
FNF:0
FNH:0
DA:1,0
LF:1
LH:0
BRF:0
BRH:0
end_of_record
TN:
SF:src/api/document/model.js
FNF:0
FNH:0
DA:1,0
DA:3,0
DA:17,0
DA:19,0
LF:4
LH:0
BRF:0
BRH:0
end_of_record
TN:
SF:src/api/document/route.js
FNF:0
FNH:0
DA:8,0
DA:10,0
DA:12,0
DA:13,0
DA:14,0
DA:15,0
DA:16,0
DA:18,0
LF:8
LH:0
BRF:0
BRH:0
end_of_record
TN:
SF:src/api/document/validate.js
FNF:0
FNH:0
DA:1,0
DA:3,0
DA:9,0
LF:3
LH:0
BRF:0
BRH:0
end_of_record
TN:
SF:src/api/email/controller.js
FN:11,(anonymous_0)
FNF:1
FNH:0
FNDA:0,(anonymous_0)
DA:1,0
DA:3,0
DA:11,0
DA:12,0
DA:13,0
DA:15,0
DA:16,0
DA:21,0
DA:33,0
DA:34,0
DA:36,0
DA:38,0
DA:42,0
LF:13
LH:0
BRDA:15,0,0,0
BRDA:15,0,1,0
BRDA:15,1,0,0
BRDA:15,1,1,0
BRDA:15,1,2,0
BRF:5
BRH:0
end_of_record
TN:
SF:src/api/email/index.js
FNF:0
FNH:0
DA:1,0
LF:1
LH:0
BRF:0
BRH:0
end_of_record
TN:
SF:src/api/email/route.js
FNF:0
FNH:0
DA:1,0
DA:3,0
DA:5,0
DA:7,0
LF:4
LH:0
BRF:0
BRH:0
end_of_record
TN:
SF:src/api/health/index.js
FNF:0
FNH:0
DA:1,0
LF:1
LH:0
BRF:0
BRH:0
end_of_record
TN:
SF:src/api/health/route.js
FN:3,(anonymous_0)
FNF:1
FNH:1
FNDA:1,(anonymous_0)
DA:1,1
DA:3,1
DA:5,1
LF:3
LH:3
BRF:0
BRH:0
end_of_record
TN:
SF:src/api/property/controller.js
FN:7,(anonymous_0)
FN:26,(anonymous_1)
FN:35,(anonymous_2)
FN:51,(anonymous_3)
FN:59,(anonymous_4)
FN:71,(anonymous_5)
FNF:6
FNH:0
FNDA:0,(anonymous_0)
FNDA:0,(anonymous_1)
FNDA:0,(anonymous_2)
FNDA:0,(anonymous_3)
FNDA:0,(anonymous_4)
FNDA:0,(anonymous_5)
DA:1,0
DA:2,0
DA:3,0
DA:5,0
DA:7,0
DA:8,0
DA:9,0
DA:13,0
DA:14,0
DA:17,0
DA:20,0
DA:22,0
DA:26,0
DA:27,0
DA:28,0
DA:29,0
DA:31,0
DA:35,0
DA:36,0
DA:37,0
DA:39,0
DA:40,0
DA:41,0
DA:44,0
DA:45,0
DA:47,0
DA:51,0
DA:52,0
DA:53,0
DA:55,0
DA:59,0
DA:60,0
DA:61,0
DA:65,0
DA:67,0
DA:71,0
DA:72,0
DA:73,0
DA:74,0
DA:76,0
DA:80,0
LF:41
LH:0
BRDA:13,0,0,0
BRDA:13,0,1,0
BRDA:40,1,0,0
BRDA:40,1,1,0
BRF:4
BRH:0
end_of_record
TN:
SF:src/api/property/index.js
FNF:0
FNH:0
DA:1,0
LF:1
LH:0
BRF:0
BRH:0
end_of_record
TN:
SF:src/api/property/model.js
FNF:0
FNH:0
DA:1,0
DA:3,0
DA:40,0
DA:42,0
LF:4
LH:0
BRF:0
BRH:0
end_of_record
TN:
SF:src/api/property/route.js
FNF:0
FNH:0
DA:1,0
DA:9,0
DA:11,0
DA:13,0
DA:14,0
DA:16,0
DA:18,0
DA:19,0
DA:20,0
DA:22,0
LF:10
LH:0
BRF:0
BRH:0
end_of_record
TN:
SF:src/api/property/validate.js
FNF:0
FNH:0
DA:1,0
DA:3,0
DA:22,0
LF:3
LH:0
BRF:0
BRH:0
end_of_record
TN:
SF:src/api/user/controller.js
FN:8,(anonymous_0)
FN:40,(anonymous_1)
FN:49,(anonymous_2)
FN:65,(anonymous_3)
FN:73,(anonymous_4)
FN:83,(anonymous_5)
FNF:6
FNH:0
FNDA:0,(anonymous_0)
FNDA:0,(anonymous_1)
FNDA:0,(anonymous_2)
FNDA:0,(anonymous_3)
FNDA:0,(anonymous_4)
FNDA:0,(anonymous_5)
DA:1,0
DA:2,0
DA:3,0
DA:4,0
DA:6,0
DA:8,0
DA:9,0
DA:10,0
DA:11,0
DA:12,0
DA:15,0
DA:16,0
DA:17,0
DA:18,0
DA:22,0
DA:23,0
DA:24,0
DA:29,0
DA:34,0
DA:36,0
DA:40,0
DA:41,0
DA:42,0
DA:43,0
DA:45,0
DA:49,0
DA:50,0
DA:51,0
DA:53,0
DA:54,0
DA:55,0
DA:58,0
DA:59,0
DA:61,0
DA:65,0
DA:66,0
DA:67,0
DA:69,0
DA:73,0
DA:74,0
DA:75,0
DA:76,0
DA:77,0
DA:79,0
DA:83,0
DA:84,0
DA:85,0
DA:87,0
DA:88,0
DA:90,0
DA:94,0
LF:51
LH:0
BRDA:11,0,0,0
BRDA:11,0,1,0
BRDA:17,1,0,0
BRDA:17,1,1,0
BRDA:22,2,0,0
BRDA:22,2,1,0
BRDA:54,3,0,0
BRDA:54,3,1,0
BRF:8
BRH:0
end_of_record
TN:
SF:src/api/user/index.js
FNF:0
FNH:0
DA:1,0
LF:1
LH:0
BRF:0
BRH:0
end_of_record
TN:
SF:src/api/user/model.js
FN:27,(anonymous_0)
FNF:1
FNH:0
FNDA:0,(anonymous_0)
DA:1,0
DA:3,0
DA:27,0
DA:35,0
DA:37,0
LF:5
LH:0
BRF:0
BRH:0
end_of_record
TN:
SF:src/api/user/route.js
FNF:0
FNH:0
DA:1,0
DA:9,0
DA:11,0
DA:13,0
DA:14,0
DA:16,0
DA:18,0
DA:19,0
DA:20,0
DA:22,0
LF:10
LH:0
BRF:0
BRH:0
end_of_record
TN:
SF:src/api/user/validate.js
FNF:0
FNH:0
DA:1,0
DA:3,0
DA:12,0
LF:3
LH:0
BRF:0
BRH:0
end_of_record
TN:
SF:src/api/workOrder/controller.js
FN:6,(anonymous_0)
FN:22,(anonymous_1)
FN:33,(anonymous_2)
FN:49,(anonymous_3)
FN:68,(anonymous_4)
FN:80,(anonymous_5)
FN:91,(anonymous_6)
FN:117,(anonymous_7)
FN:125,(anonymous_8)
FN:126,(anonymous_9)
FNF:10
FNH:0
FNDA:0,(anonymous_0)
FNDA:0,(anonymous_1)
FNDA:0,(anonymous_2)
FNDA:0,(anonymous_3)
FNDA:0,(anonymous_4)
FNDA:0,(anonymous_5)
FNDA:0,(anonymous_6)
FNDA:0,(anonymous_7)
FNDA:0,(anonymous_8)
FNDA:0,(anonymous_9)
DA:1,0
DA:2,0
DA:3,0
DA:4,0
DA:6,0
DA:7,0
DA:8,0
DA:9,0
DA:10,0
DA:13,0
DA:14,0
DA:16,0
DA:18,0
DA:22,0
DA:23,0
DA:24,0
DA:27,0
DA:29,0
DA:33,0
DA:34,0
DA:35,0
DA:37,0
DA:38,0
DA:39,0
DA:42,0
DA:43,0
DA:45,0
DA:49,0
DA:50,0
DA:51,0
DA:52,0
DA:62,0
DA:64,0
DA:68,0
DA:69,0
DA:70,0
DA:71,0
DA:74,0
DA:76,0
DA:80,0
DA:81,0
DA:82,0
DA:83,0
DA:84,0
DA:85,0
DA:87,0
DA:91,0
DA:92,0
DA:93,0
DA:94,0
DA:95,0
DA:98,0
DA:99,0
DA:100,0
DA:103,0
DA:104,0
DA:105,0
DA:108,0
DA:109,0
DA:111,0
DA:113,0
DA:117,0
DA:118,0
DA:119,0
DA:120,0
DA:121,0
DA:124,0
DA:125,0
DA:126,0
DA:127,0
DA:129,0
DA:131,0
DA:135,0
LF:73
LH:0
BRDA:9,0,0,0
BRDA:9,0,1,0
BRDA:38,1,0,0
BRDA:38,1,1,0
BRDA:94,2,0,0
BRDA:94,2,1,0
BRDA:99,3,0,0
BRDA:99,3,1,0
BRDA:104,4,0,0
BRDA:104,4,1,0
BRDA:120,5,0,0
BRDA:120,5,1,0
BRF:12
BRH:0
end_of_record
TN:
SF:src/api/workOrder/index.js
FNF:0
FNH:0
DA:1,0
LF:1
LH:0
BRF:0
BRH:0
end_of_record
TN:
SF:src/api/workOrder/model.js
FNF:0
FNH:0
DA:1,0
DA:3,0
DA:38,0
DA:40,0
LF:4
LH:0
BRF:0
BRH:0
end_of_record
TN:
SF:src/api/workOrder/route.js
FNF:0
FNH:0
DA:10,0
DA:12,0
DA:14,0
DA:15,0
DA:16,0
DA:17,0
DA:18,0
DA:20,0
DA:21,0
DA:23,0
LF:10
LH:0
BRF:0
BRH:0
end_of_record
TN:
SF:src/api/workOrder/validate.js
FNF:0
FNH:0
DA:1,0
DA:3,0
DA:17,0
LF:3
LH:0
BRF:0
BRH:0
end_of_record
TN:
SF:src/config/allowedOrigins.js
FNF:0
FNH:0
DA:1,0
DA:9,0
LF:2
LH:0
BRF:0
BRH:0
end_of_record
TN:
SF:src/config/corsOptions.js
FN:4,(anonymous_0)
FNF:1
FNH:0
FNDA:0,(anonymous_0)
DA:1,0
DA:3,0
DA:5,0
DA:6,0
DA:8,0
DA:14,0
LF:6
LH:0
BRDA:5,0,0,0
BRDA:5,0,1,0
BRDA:5,1,0,0
BRDA:5,1,1,0
BRF:4
BRH:0
end_of_record
TN:
SF:src/config/db.js
FN:3,(anonymous_0)
FNF:1
FNH:0
FNDA:0,(anonymous_0)
DA:1,0
DA:3,0
DA:4,0
DA:5,0
DA:6,0
DA:8,0
DA:9,0
DA:13,0
LF:8
LH:0
BRF:0
BRH:0
end_of_record
TN:
SF:src/middleware/credentials.js
FN:3,(anonymous_0)
FNF:1
FNH:0
FNDA:0,(anonymous_0)
DA:1,0
DA:3,0
DA:4,0
DA:5,0
DA:6,0
DA:8,0
DA:11,0
LF:7
LH:0
BRDA:5,0,0,0
BRDA:5,0,1,0
BRF:2
BRH:0
end_of_record
TN:
SF:src/middleware/verifyJwt.js
FN:4,(anonymous_0)
FN:8,(anonymous_1)
FNF:2
FNH:0
FNDA:0,(anonymous_0)
FNDA:0,(anonymous_1)
DA:1,0
DA:2,0
DA:4,0
DA:5,0
DA:6,0
DA:7,0
DA:8,0
DA:9,0
DA:10,0
DA:11,0
DA:15,0
LF:11
LH:0
BRDA:6,0,0,0
BRDA:6,0,1,0
BRDA:9,1,0,0
BRDA:9,1,1,0
BRF:4
BRH:0
end_of_record
TN:
SF:src/repository/index.js
FN:2,(anonymous_0)
FN:6,(anonymous_1)
FN:10,(anonymous_2)
FN:14,(anonymous_3)
FN:18,(anonymous_4)
FN:22,(anonymous_5)
FN:26,(anonymous_6)
FN:30,(anonymous_7)
FN:34,(anonymous_8)
FNF:9
FNH:0
FNDA:0,(anonymous_0)
FNDA:0,(anonymous_1)
FNDA:0,(anonymous_2)
FNDA:0,(anonymous_3)
FNDA:0,(anonymous_4)
FNDA:0,(anonymous_5)
FNDA:0,(anonymous_6)
FNDA:0,(anonymous_7)
FNDA:0,(anonymous_8)
DA:3,0
DA:7,0
DA:11,0
DA:15,0
DA:19,0
DA:23,0
DA:27,0
DA:31,0
DA:35,0
DA:36,0
DA:40,0
LF:11
LH:0
BRDA:36,0,0,0
BRDA:36,0,1,0
BRF:2
BRH:0
end_of_record
